2016-10-16T12:10:00.000+0000 [Thread-11-boltB] bla.bla [INFO] emit {tuple}
2016-10-16T12:10:00.197+0000 [Thread-11-boltB] bla.bla [INFO] receive {tuple}
2016-10-16T12:10:00.308+0000 [Thread-11-boltB] bla.bla [INFO] emit {tuple}
2016-10-16T12:10:00.462+0000 [Thread-11-boltB] bla.bla [INFO] receive {tuple}
2016-10-16T12:10:00.844+0000 [Thread-11-boltB] bla.bla [INFO] emit {tuple}
2016-10-16T12:10:00.858+0000 [Thread-9-boltA] bla.bla [INFO] emit {tuple}
2016-10-16T12:10:01.029+0000 [Thread-11-boltB] bla.bla [INFO] receive {tuple}
2016-10-16T12:10:01.202+0000 [Thread-11-boltB] bla.bla [INFO] emit {tuple}
2016-10-16T12:10:01.740+0000 [Thread-9-boltA] bla.bla [INFO] receive {tuple}
2016-10-16T12:10:01.830+0000 [Thread-9-boltA] bla.bla [INFO] emit {tuple}
2016-10-16T12:10:01.890+0000 [Thread-12-boltC] bla.bla [INFO] emit {tuple}
2016-10-16T12:10:01.899+0000 [Thread-9-boltA] bla.bla [INFO] receive {tuple}
2016-10-16T12:10:02.266+0000 [Thread-9-boltA] bla.bla [INFO] emit {tuple}
2016-10-16T12:10:02.339+0000 [Thread-9-boltA] bla.bla [INFO] receive {tuple}
2016-10-16T12:10:02.387+0000 [Thread-12-boltC] bla.bla [INFO] receive {tuple}
2016-10-16T12:10:02.679+0000 [Thread-12-boltC] bla.bla [INFO] emit {tuple}
2016-10-16T12:10:02.710+0000 [Thread-12-boltC] bla.bla [INFO] receive {tuple}
2016-10-16T12:10:02.881+0000 [Thread-11-boltB] bla.bla [INFO] receive {tuple}
2016-10-16T12:10:03.097+0000 [Thread-9-boltA] bla.bla [INFO] emit {tuple}
2016-10-16T12:10:03.583+0000 [Thread-12-boltC] bla.bla [INFO] emit {tuple}
2016-10-16T12:10:03.672+0000 [Thread-11-boltB] bla.bla [INFO] emit {tuple}
2016-10-16T12:10:03.814+0000 [Thread-11-boltB] bla.bla [INFO] receive {tuple}
2016-10-16T12:10:04.132+0000 [Thread-11-boltB] bla.bla [INFO] emit {tuple}
2016-10-16T12:10:04.342+0000 [Thread-11-boltB] bla.bla [INFO] receive {tuple}
2016-10-16T12:10:04.450+0000 [Thread-11-boltB] bla.bla [INFO] emit {tuple}
2016-10-16T12:10:04.635+0000 [Thread-12-boltC] bla.bla [INFO] receive {tuple}
2016-10-16T12:10:04.873+0000 [Thread-11-boltB] bla.bla [INFO] receive {tuple}
2016-10-16T12:10:05.346+0000 [Thread-11-boltB] bla.bla [INFO] emit {tuple}
2016-10-16T12:10:05.436+0000 [Thread-9-boltA] bla.bla [INFO] receive {tuple}
2016-10-16T12:10:05.558+0000 [Thread-12-boltC] bla.bla [INFO] emit {tuple}
2016-10-16T12:10:05.610+0000 [Thread-11-boltB] bla.bla [INFO] receive {tuple}
2016-10-16T12:10:05.617+0000 [Thread-9-boltA] bla.bla [INFO] emit {tuple}
2016-10-16T12:10:05.888+0000 [Thread-9-boltA] bla.bla [INFO] receive {tuple}
2016-10-16T12:10:06.086+0000 [Thread-9-boltA] bla.bla [INFO] emit {tuple}
2016-10-16T12:10:06.226+0000 [Thread-11-boltB] bla.bla [INFO] emit {tuple}
2016-10-16T12:10:06.422+0000 [Thread-11-boltB] bla.bla [INFO] receive {tuple}
2016-10-16T12:10:06.751+0000 [Thread-9-boltA] bla.bla [INFO] receive {tuple}
2016-10-16T12:10:06.989+0000 [Thread-12-boltC] bla.bla [INFO] receive {tuple}
2016-10-16T12:10:07.060+0000 [Thread-9-boltA] bla.bla [INFO] emit {tuple}
2016-10-16T12:10:07.300+0000 [Thread-9-boltA] bla.bla [INFO] receive {tuple}
2016-10-16T12:10:07.564+0000 [Thread-12-boltC] bla.bla [INFO] emit {tuple}
2016-10-16T12:10:07.715+0000 [Thread-11-boltB] bla.bla [INFO] emit {tuple}
2016-10-16T12:10:07.812+0000 [Thread-12-boltC] bla.bla [INFO] receive {tuple}
2016-10-16T12:10:08.075+0000 [Thread-9-boltA] bla.bla [INFO] emit {tuple}
2016-10-16T12:10:08.449+0000 [Thread-9-boltA] bla.bla [INFO] receive {tuple}
2016-10-16T12:10:08.853+0000 [Thread-9-boltA] bla.bla [INFO] emit {tuple}
2016-10-16T12:10:08.993+0000 [Thread-9-boltA] bla.bla [INFO] receive {tuple}
2016-10-16T12:10:09.347+0000 [Thread-11-boltB] bla.bla [INFO] receive {tuple}
2016-10-16T12:10:09.658+0000 [Thread-9-boltA] bla.bla [INFO] emit {tuple}
2016-10-16T12:10:09.892+0000 [Thread-11-boltB] bla.bla [INFO] emit {tuple}
2016-10-16T12:10:09.974+0000 [Thread-9-boltA] bla.bla [INFO] receive {tuple}
2016-10-16T12:10:10.337+0000 [Thread-12-boltC] bla.bla [INFO] emit {tuple}
2016-10-16T12:10:10.571+0000 [Thread-11-boltB] bla.bla [INFO] receive {tuple}
2016-10-16T12:10:10.745+0000 [Thread-9-boltA] bla.bla [INFO] emit {tuple}
2016-10-16T12:10:11.049+0000 [Thread-9-boltA] bla.bla [INFO] receive {tuple}
2016-10-16T12:10:11.163+0000 [Thread-9-boltA] bla.bla [INFO] emit {tuple}
2016-10-16T12:10:11.329+0000 [Thread-12-boltC] bla.bla [INFO] receive {tuple}
2016-10-16T12:10:11.538+0000 [Thread-12-boltC] bla.bla [INFO] emit {tuple}
2016-10-16T12:10:11.628+0000 [Thread-12-boltC] bla.bla [INFO] receive {tuple}
2016-10-16T12:10:11.851+0000 [Thread-9-boltA] bla.bla [INFO] receive {tuple}
2016-10-16T12:10:12.066+0000 [Thread-12-boltC] bla.bla [INFO] emit {tuple}
2016-10-16T12:10:12.393+0000 [Thread-12-boltC] bla.bla [INFO] receive {tuple}
2016-10-16T12:10:12.519+0000 [Thread-9-boltA] bla.bla [INFO] emit {tuple}
2016-10-16T12:10:12.622+0000 [Thread-12-boltC] bla.bla [INFO] emit {tuple}
2016-10-16T12:10:12.699+0000 [Thread-11-boltB] bla.bla [INFO] emit {tuple}
2016-10-16T12:10:12.847+0000 [Thread-9-boltA] bla.bla [INFO] receive {tuple}
2016-10-16T12:10:13.079+0000 [Thread-12-boltC] bla.bla [INFO] receive {tuple}
2016-10-16T12:10:13.321+0000 [Thread-12-boltC] bla.bla [INFO] emit {tuple}
2016-10-16T12:10:13.493+0000 [Thread-12-boltC] bla.bla [INFO] receive {tuple}
2016-10-16T12:10:13.618+0000 [Thread-11-boltB] bla.bla [INFO] receive {tuple}
2016-10-16T12:10:13.675+0000 [Thread-12-boltC] bla.bla [INFO] emit {tuple}
2016-10-16T12:10:13.762+0000 [Thread-12-boltC] bla.bla [INFO] receive {tuple}
2016-10-16T12:10:14.004+0000 [Thread-12-boltC] bla.bla [INFO] emit {tuple}
2016-10-16T12:10:14.467+0000 [Thread-12-boltC] bla.bla [INFO] receive {tuple}
2016-10-16T12:10:14.580+0000 [Thread-12-boltC] bla.bla [INFO] emit {tuple}
2016-10-16T12:10:14.716+0000 [Thread-12-boltC] bla.bla [INFO] receive {tuple}
2016-10-16T12:10:14.911+0000 [Thread-9-boltA] bla.bla [INFO] emit {tuple}
2016-10-16T12:10:14.981+0000 [Thread-9-boltA] bla.bla [INFO] receive {tuple}
2016-10-16T12:10:15.001+0000 [Thread-12-boltC] bla.bla [INFO] emit {tuple}
2016-10-16T12:10:15.011+0000 [Thread-12-boltC] bla.bla [INFO] receive {tuple}
2016-10-16T12:10:15.352+0000 [Thread-12-boltC] bla.bla [INFO] emit {tuple}
2016-10-16T12:10:15.414+0000 [Thread-9-boltA] bla.bla [INFO] emit {tuple}
2016-10-16T12:10:15.515+0000 [Thread-9-boltA] bla.bla [INFO] receive {tuple}
2016-10-16T12:10:15.539+0000 [Thread-9-boltA] bla.bla [INFO] emit {tuple}
2016-10-16T12:10:15.652+0000 [Thread-12-boltC] bla.bla [INFO] receive {tuple}
2016-10-16T12:10:15.903+0000 [Thread-12-boltC] bla.bla [INFO] emit {tuple}
2016-10-16T12:10:16.005+0000 [Thread-9-boltA] bla.bla [INFO] receive {tuple}
2016-10-16T12:10:16.143+0000 [Thread-11-boltB] bla.bla [INFO] emit {tuple}
2016-10-16T12:10:16.153+0000 [Thread-9-boltA] bla.bla [INFO] emit {tuple}
2016-10-16T12:10:16.280+0000 [Thread-11-boltB] bla.bla [INFO] receive {tuple}
2016-10-16T12:10:16.343+0000 [Thread-12-boltC] bla.bla [INFO] receive {tuple}
2016-10-16T12:10:16.412+0000 [Thread-9-boltA] bla.bla [INFO] receive {tuple}
2016-10-16T12:10:16.420+0000 [Thread-11-boltB] bla.bla [INFO] emit {tuple}
2016-10-16T12:10:16.911+0000 [Thread-9-boltA] bla.bla [INFO] emit {tuple}
2016-10-16T12:10:17.217+0000 [Thread-12-boltC] bla.bla [INFO] emit {tuple}
2016-10-16T12:10:17.270+0000 [Thread-11-boltB] bla.bla [INFO] receive {tuple}
2016-10-16T12:10:17.336+0000 [Thread-12-boltC] bla.bla [INFO] receive {tuple}
2016-10-16T12:10:17.516+0000 [Thread-11-boltB] bla.bla [INFO] emit {tuple}
2016-10-16T12:10:17.831+0000 [Thread-9-boltA] bla.bla [INFO] receive {tuple}
2016-10-16T12:10:17.987+0000 [Thread-12-boltC] bla.bla [INFO] emit {tuple}
2016-10-16T12:10:18.035+0000 [Thread-11-boltB] bla.bla [INFO] receive {tuple}
2016-10-16T12:10:18.274+0000 [Thread-9-boltA] bla.bla [INFO] emit {tuple}
2016-10-16T12:10:18.614+0000 [Thread-9-boltA] bla.bla [INFO] receive {tuple}
2016-10-16T12:10:18.661+0000 [Thread-12-boltC] bla.bla [INFO] receive {tuple}
2016-10-16T12:10:19.031+0000 [Thread-11-boltB] bla.bla [INFO] emit {tuple}
2016-10-16T12:10:19.136+0000 [Thread-12-boltC] bla.bla [INFO] emit {tuple}
2016-10-16T12:10:19.618+0000 [Thread-12-boltC] bla.bla [INFO] receive {tuple}
2016-10-16T12:10:19.779+0000 [Thread-12-boltC] bla.bla [INFO] emit {tuple}
2016-10-16T12:10:19.853+0000 [Thread-11-boltB] bla.bla [INFO] receive {tuple}
2016-10-16T12:10:19.996+0000 [Thread-9-boltA] bla.bla [INFO] emit {tuple}
2016-10-16T12:10:20.347+0000 [Thread-9-boltA] bla.bla [INFO] receive {tuple}
2016-10-16T12:10:20.393+0000 [Thread-9-boltA] bla.bla [INFO] emit {tuple}
2016-10-16T12:10:20.397+0000 [Thread-12-boltC] bla.bla [INFO] receive {tuple}
2016-10-16T12:10:20.403+0000 [Thread-12-boltC] bla.bla [INFO] emit {tuple}
2016-10-16T12:10:20.842+0000 [Thread-9-boltA] bla.bla [INFO] receive {tuple}
2016-10-16T12:10:21.237+0000 [Thread-12-boltC] bla.bla [INFO] receive {tuple}
2016-10-16T12:10:21.269+0000 [Thread-9-boltA] bla.bla [INFO] emit {tuple}
2016-10-16T12:10:21.421+0000 [Thread-9-boltA] bla.bla [INFO] receive {tuple}
2016-10-16T12:10:21.713+0000 [Thread-11-boltB] bla.bla [INFO] emit {tuple}
2016-10-16T12:10:21.988+0000 [Thread-12-boltC] bla.bla [INFO] emit {tuple}
2016-10-16T12:10:22.310+0000 [Thread-12-boltC] bla.bla [INFO] receive {tuple}
2016-10-16T12:10:22.417+0000 [Thread-12-boltC] bla.bla [INFO] emit {tuple}
2016-10-16T12:10:22.721+0000 [Thread-12-boltC] bla.bla [INFO] receive {tuple}
2016-10-16T12:10:23.015+0000 [Thread-9-boltA] bla.bla [INFO] emit {tuple}
2016-10-16T12:10:23.122+0000 [Thread-9-boltA] bla.bla [INFO] receive {tuple}
2016-10-16T12:10:23.439+0000 [Thread-9-boltA] bla.bla [INFO] emit {tuple}
2016-10-16T12:10:23.790+0000 [Thread-12-boltC] bla.bla [INFO] emit {tuple}
2016-10-16T12:10:24.154+0000 [Thread-12-boltC] bla.bla [INFO] receive {tuple}
2016-10-16T12:10:24.345+0000 [Thread-9-boltA] bla.bla [INFO] receive {tuple}
2016-10-16T12:10:24.920+0000 [Thread-12-boltC] bla.bla [INFO] emit {tuple}
2016-10-16T12:10:25.109+0000 [Thread-9-boltA] bla.bla [INFO] emit {tuple}
2016-10-16T12:10:25.550+0000 [Thread-11-boltB] bla.bla [INFO] receive {tuple}
2016-10-16T12:10:25.702+0000 [Thread-12-boltC] bla.bla [INFO] receive {tuple}
2016-10-16T12:10:26.064+0000 [Thread-9-boltA] bla.bla [INFO] receive {tuple}
2016-10-16T12:10:26.271+0000 [Thread-12-boltC] bla.bla [INFO] emit {tuple}
2016-10-16T12:10:26.431+0000 [Thread-9-boltA] bla.bla [INFO] emit {tuple}
2016-10-16T12:10:26.496+0000 [Thread-12-boltC] bla.bla [INFO] receive {tuple}
2016-10-16T12:10:26.652+0000 [Thread-11-boltB] bla.bla [INFO] emit {tuple}
2016-10-16T12:10:26.764+0000 [Thread-11-boltB] bla.bla [INFO] receive {tuple}
2016-10-16T12:10:27.056+0000 [Thread-12-boltC] bla.bla [INFO] emit {tuple}
2016-10-16T12:10:27.316+0000 [Thread-9-boltA] bla.bla [INFO] receive {tuple}
2016-10-16T12:10:27.418+0000 [Thread-9-boltA] bla.bla [INFO] emit {tuple}
2016-10-16T12:10:27.572+0000 [Thread-9-boltA] bla.bla [INFO] receive {tuple}
2016-10-16T12:10:27.809+0000 [Thread-11-boltB] bla.bla [INFO] emit {tuple}
2016-10-16T12:10:27.880+0000 [Thread-9-boltA] bla.bla [INFO] emit {tuple}
2016-10-16T12:10:27.932+0000 [Thread-12-boltC] bla.bla [INFO] receive {tuple}
2016-10-16T12:10:28.077+0000 [Thread-11-boltB] bla.bla [INFO] receive {tuple}
2016-10-16T12:10:28.291+0000 [Thread-9-boltA] bla.bla [INFO] receive {tuple}
2016-10-16T12:10:28.347+0000 [Thread-12-boltC] bla.bla [INFO] emit {tuple}
2016-10-16T12:10:28.426+0000 [Thread-11-boltB] bla.bla [INFO] emit {tuple}
2016-10-16T12:10:28.565+0000 [Thread-11-boltB] bla.bla [INFO] receive {tuple}
2016-10-16T12:10:28.858+0000 [Thread-12-boltC] bla.bla [INFO] receive {tuple}
2016-10-16T12:10:28.868+0000 [Thread-9-boltA] bla.bla [INFO] emit {tuple}
2016-10-16T12:10:28.895+0000 [Thread-9-boltA] bla.bla [INFO] receive {tuple}
2016-10-16T12:10:29.105+0000 [Thread-9-boltA] bla.bla [INFO] emit {tuple}
2016-10-16T12:10:29.276+0000 [Thread-12-boltC] bla.bla [INFO] emit {tuple}
2016-10-16T12:10:29.774+0000 [Thread-11-boltB] bla.bla [INFO] emit {tuple}
2016-10-16T12:10:29.786+0000 [Thread-11-boltB] bla.bla [INFO] receive {tuple}
2016-10-16T12:10:30.276+0000 [Thread-12-boltC] bla.bla [INFO] receive {tuple}
2016-10-16T12:10:30.730+0000 [Thread-12-boltC] bla.bla [INFO] emit {tuple}
2016-10-16T12:10:30.865+0000 [Thread-9-boltA] bla.bla [INFO] receive {tuple}
2016-10-16T12:10:30.893+0000 [Thread-12-boltC] bla.bla [INFO] receive {tuple}
2016-10-16T12:10:30.930+0000 [Thread-12-boltC] bla.bla [INFO] emit {tuple}
2016-10-16T12:10:31.274+0000 [Thread-11-boltB] bla.bla [INFO] emit {tuple}
2016-10-16T12:10:31.517+0000 [Thread-12-boltC] bla.bla [INFO] receive {tuple}
2016-10-16T12:10:31.643+0000 [Thread-11-boltB] bla.bla [INFO] receive {tuple}
2016-10-16T12:10:31.670+0000 [Thread-11-boltB] bla.bla [INFO] emit {tuple}
2016-10-16T12:10:31.810+0000 [Thread-11-boltB] bla.bla [INFO] receive {tuple}
2016-10-16T12:10:32.157+0000 [Thread-12-boltC] bla.bla [INFO] emit {tuple}
2016-10-16T12:10:32.501+0000 [Thread-9-boltA] bla.bla [INFO] emit {tuple}
2016-10-16T12:10:32.625+0000 [Thread-11-boltB] bla.bla [INFO] emit {tuple}
2016-10-16T12:10:32.914+0000 [Thread-11-boltB] bla.bla [INFO] receive {tuple}
2016-10-16T12:10:33.043+0000 [Thread-9-boltA] bla.bla [INFO] receive {tuple}
2016-10-16T12:10:33.102+0000 [Thread-9-boltA] bla.bla [INFO] emit {tuple}
2016-10-16T12:10:33.238+0000 [Thread-9-boltA] bla.bla [INFO] receive {tuple}
2016-10-16T12:10:33.492+0000 [Thread-9-boltA] bla.bla [INFO] emit {tuple}
2016-10-16T12:10:33.582+0000 [Thread-12-boltC] bla.bla [INFO] receive {tuple}
2016-10-16T12:10:33.600+0000 [Thread-9-boltA] bla.bla [INFO] receive {tuple}
2016-10-16T12:10:33.790+0000 [Thread-12-boltC] bla.bla [INFO] emit {tuple}
2016-10-16T12:10:34.250+0000 [Thread-12-boltC] bla.bla [INFO] receive {tuple}
2016-10-16T12:10:34.353+0000 [Thread-11-boltB] bla.bla [INFO] emit {tuple}
2016-10-16T12:10:34.400+0000 [Thread-11-boltB] bla.bla [INFO] receive {tuple}
2016-10-16T12:10:34.416+0000 [Thread-9-boltA] bla.bla [INFO] emit {tuple}
2016-10-16T12:10:34.717+0000 [Thread-11-boltB] bla.bla [INFO] emit {tuple}
2016-10-16T12:10:34.839+0000 [Thread-11-boltB] bla.bla [INFO] receive {tuple}
2016-10-16T12:10:34.861+0000 [Thread-11-boltB] bla.bla [INFO] emit {tuple}
2016-10-16T12:10:35.007+0000 [Thread-12-boltC] bla.bla [INFO] emit {tuple}
2016-10-16T12:10:35.143+0000 [Thread-11-boltB] bla.bla [INFO] receive {tuple}
2016-10-16T12:10:35.191+0000 [Thread-12-boltC] bla.bla [INFO] receive {tuple}
2016-10-16T12:10:35.399+0000 [Thread-12-boltC] bla.bla [INFO] emit {tuple}
2016-10-16T12:10:35.868+0000 [Thread-11-boltB] bla.bla [INFO] emit {tuple}
2016-10-16T12:10:36.118+0000 [Thread-11-boltB] bla.bla [INFO] receive {tuple}
2016-10-16T12:10:36.189+0000 [Thread-11-boltB] bla.bla [INFO] emit {tuple}
2016-10-16T12:10:36.412+0000 [Thread-9-boltA] bla.bla [INFO] receive {tuple}
2016-10-16T12:10:36.443+0000 [Thread-11-boltB] bla.bla [INFO] receive {tuple}
2016-10-16T12:10:36.695+0000 [Thread-9-boltA] bla.bla [INFO] emit {tuple}
2016-10-16T12:10:36.751+0000 [Thread-9-boltA] bla.bla [INFO] receive {tuple}
2016-10-16T12:10:36.980+0000 [Thread-9-boltA] bla.bla [INFO] emit {tuple}
2016-10-16T12:10:37.355+0000 [Thread-12-boltC] bla.bla [INFO] receive {tuple}
2016-10-16T12:10:37.379+0000 [Thread-12-boltC] bla.bla [INFO] emit {tuple}
2016-10-16T12:10:37.406+0000 [Thread-11-boltB] bla.bla [INFO] emit {tuple}
2016-10-16T12:10:37.896+0000 [Thread-12-boltC] bla.bla [INFO] receive {tuple}
2016-10-16T12:10:38.351+0000 [Thread-11-boltB] bla.bla [INFO] receive {tuple}
2016-10-16T12:10:38.700+0000 [Thread-9-boltA] bla.bla [INFO] receive {tuple}
2016-10-16T12:10:38.963+0000 [Thread-11-boltB] bla.bla [INFO] emit {tuple}
2016-10-16T12:10:39.130+0000 [Thread-11-boltB] bla.bla [INFO] receive {tuple}
2016-10-16T12:10:39.186+0000 [Thread-12-boltC] bla.bla [INFO] emit {tuple}
2016-10-16T12:10:39.244+0000 [Thread-11-boltB] bla.bla [INFO] emit {tuple}
2016-10-16T12:10:39.356+0000 [Thread-9-boltA] bla.bla [INFO] emit {tuple}
2016-10-16T12:10:39.449+0000 [Thread-9-boltA] bla.bla [INFO] receive {tuple}
2016-10-16T12:10:39.733+0000 [Thread-12-boltC] bla.bla [INFO] receive {tuple}
2016-10-16T12:10:39.952+0000 [Thread-11-boltB] bla.bla [INFO] receive {tuple}
2016-10-16T12:10:40.512+0000 [Thread-12-boltC] bla.bla [INFO] emit {tuple}
2016-10-16T12:10:40.664+0000 [Thread-12-boltC] bla.bla [INFO] receive {tuple}
2016-10-16T12:10:40.719+0000 [Thread-9-boltA] bla.bla [INFO] emit {tuple}
2016-10-16T12:10:40.850+0000 [Thread-9-boltA] bla.bla [INFO] receive {tuple}
2016-10-16T12:10:40.985+0000 [Thread-9-boltA] bla.bla [INFO] emit {tuple}
2016-10-16T12:10:41.026+0000 [Thread-9-boltA] bla.bla [INFO] receive {tuple}
2016-10-16T12:10:41.042+0000 [Thread-11-boltB] bla.bla [INFO] emit {tuple}
2016-10-16T12:10:41.254+0000 [Thread-11-boltB] bla.bla [INFO] receive {tuple}
2016-10-16T12:10:41.351+0000 [Thread-12-boltC] bla.bla [INFO] emit {tuple}
2016-10-16T12:10:41.434+0000 [Thread-12-boltC] bla.bla [INFO] receive {tuple}
2016-10-16T12:10:41.765+0000 [Thread-9-boltA] bla.bla [INFO] emit {tuple}
2016-10-16T12:10:41.999+0000 [Thread-9-boltA] bla.bla [INFO] receive {tuple}
2016-10-16T12:10:42.149+0000 [Thread-11-boltB] bla.bla [INFO] emit {tuple}
2016-10-16T12:10:42.437+0000 [Thread-9-boltA] bla.bla [INFO] emit {tuple}
2016-10-16T12:10:42.703+0000 [Thread-11-boltB] bla.bla [INFO] receive {tuple}
2016-10-16T12:10:42.773+0000 [Thread-12-boltC] bla.bla [INFO] emit {tuple}
2016-10-16T12:10:42.923+0000 [Thread-11-boltB] bla.bla [INFO] emit {tuple}
2016-10-16T12:10:43.076+0000 [Thread-9-boltA] bla.bla [INFO] receive {tuple}
2016-10-16T12:10:43.159+0000 [Thread-11-boltB] bla.bla [INFO] receive {tuple}
2016-10-16T12:10:43.228+0000 [Thread-11-boltB] bla.bla [INFO] emit {tuple}
2016-10-16T12:10:43.523+0000 [Thread-9-boltA] bla.bla [INFO] emit {tuple}
2016-10-16T12:10:43.701+0000 [Thread-11-boltB] bla.bla [INFO] receive {tuple}
2016-10-16T12:10:43.905+0000 [Thread-12-boltC] bla.bla [INFO] receive {tuple}
2016-10-16T12:10:44.008+0000 [Thread-11-boltB] bla.bla [INFO] emit {tuple}
2016-10-16T12:10:44.203+0000 [Thread-12-boltC] bla.bla [INFO] emit {tuple}
2016-10-16T12:10:44.238+0000 [Thread-11-boltB] bla.bla [INFO] receive {tuple}
2016-10-16T12:10:44.470+0000 [Thread-11-boltB] bla.bla [INFO] emit {tuple}
2016-10-16T12:10:44.561+0000 [Thread-11-boltB] bla.bla [INFO] receive {tuple}
2016-10-16T12:10:44.589+0000 [Thread-11-boltB] bla.bla [INFO] emit {tuple}
2016-10-16T12:10:44.655+0000 [Thread-9-boltA] bla.bla [INFO] receive {tuple}
2016-10-16T12:10:44.697+0000 [Thread-9-boltA] bla.bla [INFO] emit {tuple}
2016-10-16T12:10:45.038+0000 [Thread-9-boltA] bla.bla [INFO] receive {tuple}
2016-10-16T12:10:45.364+0000 [Thread-9-boltA] bla.bla [INFO] emit {tuple}
2016-10-16T12:10:45.412+0000 [Thread-12-boltC] bla.bla [INFO] receive {tuple}
2016-10-16T12:10:45.681+0000 [Thread-9-boltA] bla.bla [INFO] receive {tuple}
2016-10-16T12:10:45.940+0000 [Thread-11-boltB] bla.bla [INFO] receive {tuple}
2016-10-16T12:10:46.159+0000 [Thread-9-boltA] bla.bla [INFO] emit {tuple}
2016-10-16T12:10:46.428+0000 [Thread-9-boltA] bla.bla [INFO] receive {tuple}
2016-10-16T12:10:46.506+0000 [Thread-11-boltB] bla.bla [INFO] emit {tuple}
2016-10-16T12:10:46.539+0000 [Thread-11-boltB] bla.bla [INFO] receive {tuple}
2016-10-16T12:10:46.626+0000 [Thread-11-boltB] bla.bla [INFO] emit {tuple}
2016-10-16T12:10:46.854+0000 [Thread-11-boltB] bla.bla [INFO] receive {tuple}
2016-10-16T12:10:47.116+0000 [Thread-11-boltB] bla.bla [INFO] emit {tuple}
2016-10-16T12:10:47.523+0000 [Thread-11-boltB] bla.bla [INFO] receive {tuple}
2016-10-16T12:10:47.653+0000 [Thread-9-boltA] bla.bla [INFO] emit {tuple}
2016-10-16T12:10:47.754+0000 [Thread-12-boltC] bla.bla [INFO] emit {tuple}
2016-10-16T12:10:48.275+0000 [Thread-9-boltA] bla.bla [INFO] receive {tuple}
2016-10-16T12:10:48.350+0000 [Thread-11-boltB] bla.bla [INFO] emit {tuple}
2016-10-16T12:10:48.615+0000 [Thread-12-boltC] bla.bla [INFO] receive {tuple}
2016-10-16T12:10:48.670+0000 [Thread-12-boltC] bla.bla [INFO] emit {tuple}
2016-10-16T12:10:49.144+0000 [Thread-12-boltC] bla.bla [INFO] receive {tuple}
2016-10-16T12:10:49.464+0000 [Thread-9-boltA] bla.bla [INFO] emit {tuple}
2016-10-16T12:10:49.622+0000 [Thread-11-boltB] bla.bla [INFO] receive {tuple}
2016-10-16T12:10:49.634+0000 [Thread-12-boltC] bla.bla [INFO] emit {tuple}
2016-10-16T12:10:49.764+0000 [Thread-11-boltB] bla.bla [INFO] emit {tuple}
2016-10-16T12:10:49.866+0000 [Thread-9-boltA] bla.bla [INFO] receive {tuple}
2016-10-16T12:10:50.045+0000 [Thread-9-boltA] bla.bla [INFO] emit {tuple}
2016-10-16T12:10:50.462+0000 [Thread-11-boltB] bla.bla [INFO] receive {tuple}
2016-10-16T12:10:50.773+0000 [Thread-9-boltA] bla.bla [INFO] receive {tuple}
2016-10-16T12:10:50.980+0000 [Thread-12-boltC] bla.bla [INFO] receive {tuple}
2016-10-16T12:10:51.113+0000 [Thread-9-boltA] bla.bla [INFO] emit {tuple}
2016-10-16T12:10:51.179+0000 [Thread-11-boltB] bla.bla [INFO] emit {tuple}
2016-10-16T12:10:51.263+0000 [Thread-9-boltA] bla.bla [INFO] receive {tuple}
2016-10-16T12:10:51.839+0000 [Thread-12-boltC] bla.bla [INFO] emit {tuple}
2016-10-16T12:10:51.994+0000 [Thread-12-boltC] bla.bla [INFO] receive {tuple}
2016-10-16T12:10:52.004+0000 [Thread-12-boltC] bla.bla [INFO] emit {tuple}
2016-10-16T12:10:52.300+0000 [Thread-9-boltA] bla.bla [INFO] emit {tuple}
2016-10-16T12:10:52.413+0000 [Thread-12-boltC] bla.bla [INFO] receive {tuple}
2016-10-16T12:10:52.435+0000 [Thread-9-boltA] bla.bla [INFO] receive {tuple}
2016-10-16T12:10:52.934+0000 [Thread-11-boltB] bla.bla [INFO] receive {tuple}
2016-10-16T12:10:53.044+0000 [Thread-12-boltC] bla.bla [INFO] emit {tuple}
2016-10-16T12:10:53.183+0000 [Thread-11-boltB] bla.bla [INFO] emit {tuple}
2016-10-16T12:10:53.321+0000 [Thread-12-boltC] bla.bla [INFO] receive {tuple}
2016-10-16T12:10:53.783+0000 [Thread-12-boltC] bla.bla [INFO] emit {tuple}
2016-10-16T12:10:53.839+0000 [Thread-11-boltB] bla.bla [INFO] receive {tuple}
2016-10-16T12:10:54.182+0000 [Thread-12-boltC] bla.bla [INFO] receive {tuple}
2016-10-16T12:10:54.253+0000 [Thread-11-boltB] bla.bla [INFO] emit {tuple}
2016-10-16T12:10:54.629+0000 [Thread-12-boltC] bla.bla [INFO] emit {tuple}
2016-10-16T12:10:55.007+0000 [Thread-9-boltA] bla.bla [INFO] emit {tuple}
2016-10-16T12:10:55.037+0000 [Thread-11-boltB] bla.bla [INFO] receive {tuple}
2016-10-16T12:10:55.569+0000 [Thread-12-boltC] bla.bla [INFO] receive {tuple}
2016-10-16T12:10:55.911+0000 [Thread-12-boltC] bla.bla [INFO] emit {tuple}
2016-10-16T12:10:56.051+0000 [Thread-12-boltC] bla.bla [INFO] receive {tuple}
2016-10-16T12:10:56.148+0000 [Thread-11-boltB] bla.bla [INFO] emit {tuple}
2016-10-16T12:10:56.255+0000 [Thread-12-boltC] bla.bla [INFO] emit {tuple}
2016-10-16T12:10:56.557+0000 [Thread-11-boltB] bla.bla [INFO] receive {tuple}
2016-10-16T12:10:56.567+0000 [Thread-11-boltB] bla.bla [INFO] emit {tuple}
2016-10-16T12:10:56.658+0000 [Thread-11-boltB] bla.bla [INFO] receive {tuple}
2016-10-16T12:10:56.858+0000 [Thread-12-boltC] bla.bla [INFO] receive {tuple}
2016-10-16T12:10:56.992+0000 [Thread-11-boltB] bla.bla [INFO] emit {tuple}
2016-10-16T12:10:57.323+0000 [Thread-9-boltA] bla.bla [INFO] receive {tuple}
2016-10-16T12:10:57.509+0000 [Thread-12-boltC] bla.bla [INFO] emit {tuple}
2016-10-16T12:10:57.537+0000 [Thread-9-boltA] bla.bla [INFO] emit {tuple}
2016-10-16T12:10:57.573+0000 [Thread-11-boltB] bla.bla [INFO] receive {tuple}
2016-10-16T12:10:57.865+0000 [Thread-9-boltA] bla.bla [INFO] receive {tuple}
2016-10-16T12:10:58.150+0000 [Thread-9-boltA] bla.bla [INFO] emit {tuple}
2016-10-16T12:10:58.177+0000 [Thread-11-boltB] bla.bla [INFO] emit {tuple}
2016-10-16T12:10:58.239+0000 [Thread-11-boltB] bla.bla [INFO] receive {tuple}
2016-10-16T12:10:58.266+0000 [Thread-12-boltC] bla.bla [INFO] receive {tuple}
2016-10-16T12:10:58.395+0000 [Thread-9-boltA] bla.bla [INFO] receive {tuple}
2016-10-16T12:10:58.674+0000 [Thread-12-boltC] bla.bla [INFO] emit {tuple}
2016-10-16T12:10:58.792+0000 [Thread-12-boltC] bla.bla [INFO] receive {tuple}
2016-10-16T12:10:58.910+0000 [Thread-11-boltB] bla.bla [INFO] emit {tuple}
2016-10-16T12:10:58.922+0000 [Thread-12-boltC] bla.bla [INFO] emit {tuple}
2016-10-16T12:10:59.061+0000 [Thread-9-boltA] bla.bla [INFO] emit {tuple}
2016-10-16T12:10:59.277+0000 [Thread-12-boltC] bla.bla [INFO] receive {tuple}
2016-10-16T12:10:59.312+0000 [Thread-9-boltA] bla.bla [INFO] receive {tuple}
2016-10-16T12:10:59.338+0000 [Thread-9-boltA] bla.bla [INFO] emit {tuple}
2016-10-16T12:10:59.620+0000 [Thread-11-boltB] bla.bla [INFO] receive {tuple}
2016-10-16T12:10:59.976+0000 [Thread-11-boltB] bla.bla [INFO] emit {tuple}
2016-10-16T12:10:00.002+0000 [Thread-11-boltB] bla.bla [INFO] receive {tuple}
2016-10-16T12:10:00.342+0000 [Thread-9-boltA] bla.bla [INFO] receive {tuple}
2016-10-16T12:10:00.499+0000 [Thread-9-boltA] bla.bla [INFO] emit {tuple}
2016-10-16T12:10:00.621+0000 [Thread-11-boltB] bla.bla [INFO] emit {tuple}
2016-10-16T12:10:00.937+0000 [Thread-11-boltB] bla.bla [INFO] receive {tuple}
2016-10-16T12:10:01.353+0000 [Thread-11-boltB] bla.bla [INFO] emit {tuple}
2016-10-16T12:10:01.523+0000 [Thread-12-boltC] bla.bla [INFO] emit {tuple}
2016-10-16T12:10:01.560+0000 [Thread-11-boltB] bla.bla [INFO] receive {tuple}
2016-10-16T12:10:01.756+0000 [Thread-11-boltB] bla.bla [INFO] emit {tuple}
2016-10-16T12:10:01.857+0000 [Thread-12-boltC] bla.bla [INFO] receive {tuple}
2016-10-16T12:10:01.992+0000 [Thread-11-boltB] bla.bla [INFO] receive {tuple}
2016-10-16T12:10:02.207+0000 [Thread-11-boltB] bla.bla [INFO] emit {tuple}
2016-10-16T12:10:02.274+0000 [Thread-11-boltB] bla.bla [INFO] receive {tuple}
2016-10-16T12:10:02.586+0000 [Thread-12-boltC] bla.bla [INFO] emit {tuple}
2016-10-16T12:10:02.858+0000 [Thread-11-boltB] bla.bla [INFO] emit {tuple}
2016-10-16T12:10:02.977+0000 [Thread-11-boltB] bla.bla [INFO] receive {tuple}
2016-10-16T12:10:02.989+0000 [Thread-9-boltA] bla.bla [INFO] receive {tuple}
2016-10-16T12:10:03.194+0000 [Thread-11-boltB] bla.bla [INFO] emit {tuple}
2016-10-16T12:10:03.261+0000 [Thread-12-boltC] bla.bla [INFO] receive {tuple}
2016-10-16T12:10:03.519+0000 [Thread-12-boltC] bla.bla [INFO] emit {tuple}
2016-10-16T12:10:04.081+0000 [Thread-9-boltA] bla.bla [INFO] emit {tuple}
2016-10-16T12:10:04.111+0000 [Thread-11-boltB] bla.bla [INFO] receive {tuple}
2016-10-16T12:10:04.494+0000 [Thread-11-boltB] bla.bla [INFO] emit {tuple}
2016-10-16T12:10:04.730+0000 [Thread-11-boltB] bla.bla [INFO] receive {tuple}
2016-10-16T12:10:04.918+0000 [Thread-11-boltB] bla.bla [INFO] emit {tuple}
2016-10-16T12:10:05.632+0000 [Thread-11-boltB] bla.bla [INFO] receive {tuple}
2016-10-16T12:10:05.906+0000 [Thread-12-boltC] bla.bla [INFO] receive {tuple}
2016-10-16T12:10:06.032+0000 [Thread-11-boltB] bla.bla [INFO] emit {tuple}
2016-10-16T12:10:06.413+0000 [Thread-11-boltB] bla.bla [INFO] receive {tuple}
2016-10-16T12:10:06.520+0000 [Thread-9-boltA] bla.bla [INFO] receive {tuple}
2016-10-16T12:10:06.520+0000 [Thread-9-boltA] bla.bla [INFO] emit {tuple}
2016-10-16T12:10:06.718+0000 [Thread-11-boltB] bla.bla [INFO] emit {tuple}
2016-10-16T12:10:06.963+0000 [Thread-12-boltC] bla.bla [INFO] emit {tuple}
2016-10-16T12:10:07.172+0000 [Thread-11-boltB] bla.bla [INFO] receive {tuple}
2016-10-16T12:10:07.261+0000 [Thread-12-boltC] bla.bla [INFO] receive {tuple}
2016-10-16T12:10:07.859+0000 [Thread-9-boltA] bla.bla [INFO] receive {tuple}
2016-10-16T12:10:07.895+0000 [Thread-11-boltB] bla.bla [INFO] emit {tuple}
2016-10-16T12:10:07.952+0000 [Thread-12-boltC] bla.bla [INFO] emit {tuple}
2016-10-16T12:10:08.080+0000 [Thread-9-boltA] bla.bla [INFO] emit {tuple}
2016-10-16T12:10:08.105+0000 [Thread-11-boltB] bla.bla [INFO] receive {tuple}
2016-10-16T12:10:08.194+0000 [Thread-11-boltB] bla.bla [INFO] emit {tuple}
2016-10-16T12:10:08.579+0000 [Thread-11-boltB] bla.bla [INFO] receive {tuple}
2016-10-16T12:10:08.872+0000 [Thread-12-boltC] bla.bla [INFO] receive {tuple}
2016-10-16T12:10:08.937+0000 [Thread-11-boltB] bla.bla [INFO] emit {tuple}
2016-10-16T12:10:08.962+0000 [Thread-11-boltB] bla.bla [INFO] receive {tuple}
2016-10-16T12:10:09.249+0000 [Thread-12-boltC] bla.bla [INFO] emit {tuple}
2016-10-16T12:10:09.257+0000 [Thread-9-boltA] bla.bla [INFO] receive {tuple}
2016-10-16T12:10:09.627+0000 [Thread-9-boltA] bla.bla [INFO] emit {tuple}
2016-10-16T12:10:10.072+0000 [Thread-9-boltA] bla.bla [INFO] receive {tuple}
2016-10-16T12:10:10.243+0000 [Thread-11-boltB] bla.bla [INFO] emit {tuple}
2016-10-16T12:10:10.365+0000 [Thread-12-boltC] bla.bla [INFO] receive {tuple}
2016-10-16T12:10:10.545+0000 [Thread-11-boltB] bla.bla [INFO] receive {tuple}
2016-10-16T12:10:10.930+0000 [Thread-11-boltB] bla.bla [INFO] emit {tuple}
2016-10-16T12:10:11.049+0000 [Thread-11-boltB] bla.bla [INFO] receive {tuple}
2016-10-16T12:10:11.362+0000 [Thread-9-boltA] bla.bla [INFO] emit {tuple}
2016-10-16T12:10:11.622+0000 [Thread-11-boltB] bla.bla [INFO] emit {tuple}
2016-10-16T12:10:12.211+0000 [Thread-9-boltA] bla.bla [INFO] receive {tuple}
2016-10-16T12:10:12.236+0000 [Thread-11-boltB] bla.bla [INFO] receive {tuple}
2016-10-16T12:10:12.355+0000 [Thread-11-boltB] bla.bla [INFO] emit {tuple}
2016-10-16T12:10:13.049+0000 [Thread-11-boltB] bla.bla [INFO] receive {tuple}
2016-10-16T12:10:13.198+0000 [Thread-12-boltC] bla.bla [INFO] emit {tuple}
2016-10-16T12:10:13.317+0000 [Thread-9-boltA] bla.bla [INFO] emit {tuple}
2016-10-16T12:10:13.462+0000 [Thread-11-boltB] bla.bla [INFO] emit {tuple}
2016-10-16T12:10:13.846+0000 [Thread-9-boltA] bla.bla [INFO] receive {tuple}
2016-10-16T12:10:13.923+0000 [Thread-12-boltC] bla.bla [INFO] receive {tuple}
2016-10-16T12:10:14.202+0000 [Thread-11-boltB] bla.bla [INFO] receive {tuple}
2016-10-16T12:10:14.366+0000 [Thread-12-boltC] bla.bla [INFO] emit {tuple}
2016-10-16T12:10:14.383+0000 [Thread-12-boltC] bla.bla [INFO] receive {tuple}
2016-10-16T12:10:14.547+0000 [Thread-12-boltC] bla.bla [INFO] emit {tuple}
2016-10-16T12:10:14.599+0000 [Thread-12-boltC] bla.bla [INFO] receive {tuple}
2016-10-16T12:10:14.636+0000 [Thread-11-boltB] bla.bla [INFO] emit {tuple}
2016-10-16T12:10:14.756+0000 [Thread-9-boltA] bla.bla [INFO] emit {tuple}
2016-10-16T12:10:14.879+0000 [Thread-12-boltC] bla.bla [INFO] emit {tuple}
2016-10-16T12:10:15.112+0000 [Thread-11-boltB] bla.bla [INFO] receive {tuple}
2016-10-16T12:10:15.572+0000 [Thread-11-boltB] bla.bla [INFO] emit {tuple}
2016-10-16T12:10:15.868+0000 [Thread-11-boltB] bla.bla [INFO] receive {tuple}
2016-10-16T12:10:16.158+0000 [Thread-9-boltA] bla.bla [INFO] receive {tuple}
2016-10-16T12:10:16.175+0000 [Thread-12-boltC] bla.bla [INFO] receive {tuple}
2016-10-16T12:10:16.389+0000 [Thread-12-boltC] bla.bla [INFO] emit {tuple}
2016-10-16T12:10:16.475+0000 [Thread-12-boltC] bla.bla [INFO] receive {tuple}
2016-10-16T12:10:16.877+0000 [Thread-12-boltC] bla.bla [INFO] emit {tuple}
2016-10-16T12:10:17.024+0000 [Thread-12-boltC] bla.bla [INFO] receive {tuple}
2016-10-16T12:10:17.097+0000 [Thread-11-boltB] bla.bla [INFO] emit {tuple}
2016-10-16T12:10:17.367+0000 [Thread-11-boltB] bla.bla [INFO] receive {tuple}
2016-10-16T12:10:17.440+0000 [Thread-9-boltA] bla.bla [INFO] emit {tuple}
2016-10-16T12:10:17.624+0000 [Thread-9-boltA] bla.bla [INFO] receive {tuple}
2016-10-16T12:10:17.665+0000 [Thread-9-boltA] bla.bla [INFO] emit {tuple}
2016-10-16T12:10:17.705+0000 [Thread-9-boltA] bla.bla [INFO] receive {tuple}
2016-10-16T12:10:18.049+0000 [Thread-9-boltA] bla.bla [INFO] emit {tuple}
2016-10-16T12:10:18.177+0000 [Thread-11-boltB] bla.bla [INFO] emit {tuple}
2016-10-16T12:10:18.667+0000 [Thread-11-boltB] bla.bla [INFO] receive {tuple}
2016-10-16T12:10:18.739+0000 [Thread-11-boltB] bla.bla [INFO] emit {tuple}
2016-10-16T12:10:18.925+0000 [Thread-9-boltA] bla.bla [INFO] receive {tuple}
2016-10-16T12:10:19.277+0000 [Thread-11-boltB] bla.bla [INFO] receive {tuple}
2016-10-16T12:10:19.465+0000 [Thread-12-boltC] bla.bla [INFO] emit {tuple}
2016-10-16T12:10:19.900+0000 [Thread-9-boltA] bla.bla [INFO] emit {tuple}
2016-10-16T12:10:19.996+0000 [Thread-12-boltC] bla.bla [INFO] receive {tuple}
2016-10-16T12:10:20.052+0000 [Thread-9-boltA] bla.bla [INFO] receive {tuple}
2016-10-16T12:10:20.298+0000 [Thread-11-boltB] bla.bla [INFO] emit {tuple}
2016-10-16T12:10:20.384+0000 [Thread-11-boltB] bla.bla [INFO] receive {tuple}
2016-10-16T12:10:20.531+0000 [Thread-9-boltA] bla.bla [INFO] emit {tuple}
2016-10-16T12:10:20.807+0000 [Thread-9-boltA] bla.bla [INFO] receive {tuple}
2016-10-16T12:10:21.300+0000 [Thread-9-boltA] bla.bla [INFO] emit {tuple}
2016-10-16T12:10:21.668+0000 [Thread-11-boltB] bla.bla [INFO] emit {tuple}
2016-10-16T12:10:21.672+0000 [Thread-12-boltC] bla.bla [INFO] emit {tuple}
2016-10-16T12:10:21.935+0000 [Thread-11-boltB] bla.bla [INFO] receive {tuple}
2016-10-16T12:10:22.347+0000 [Thread-12-boltC] bla.bla [INFO] receive {tuple}
2016-10-16T12:10:22.752+0000 [Thread-9-boltA] bla.bla [INFO] receive {tuple}
2016-10-16T12:10:22.864+0000 [Thread-11-boltB] bla.bla [INFO] emit {tuple}
2016-10-16T12:10:22.879+0000 [Thread-12-boltC] bla.bla [INFO] emit {tuple}
2016-10-16T12:10:23.225+0000 [Thread-11-boltB] bla.bla [INFO] receive {tuple}
2016-10-16T12:10:23.433+0000 [Thread-11-boltB] bla.bla [INFO] emit {tuple}
2016-10-16T12:10:23.452+0000 [Thread-12-boltC] bla.bla [INFO] receive {tuple}
2016-10-16T12:10:23.937+0000 [Thread-12-boltC] bla.bla [INFO] emit {tuple}
2016-10-16T12:10:24.106+0000 [Thread-12-boltC] bla.bla [INFO] receive {tuple}
2016-10-16T12:10:24.397+0000 [Thread-12-boltC] bla.bla [INFO] emit {tuple}
2016-10-16T12:10:24.514+0000 [Thread-9-boltA] bla.bla [INFO] emit {tuple}
2016-10-16T12:10:24.646+0000 [Thread-9-boltA] bla.bla [INFO] receive {tuple}
2016-10-16T12:10:24.665+0000 [Thread-11-boltB] bla.bla [INFO] receive {tuple}
2016-10-16T12:10:24.685+0000 [Thread-9-boltA] bla.bla [INFO] emit {tuple}
2016-10-16T12:10:24.847+0000 [Thread-11-boltB] bla.bla [INFO] emit {tuple}
2016-10-16T12:10:24.939+0000 [Thread-9-boltA] bla.bla [INFO] receive {tuple}
2016-10-16T12:10:25.210+0000 [Thread-9-boltA] bla.bla [INFO] emit {tuple}
2016-10-16T12:10:25.610+0000 [Thread-9-boltA] bla.bla [INFO] receive {tuple}
2016-10-16T12:10:25.947+0000 [Thread-11-boltB] bla.bla [INFO] receive {tuple}
2016-10-16T12:10:26.095+0000 [Thread-11-boltB] bla.bla [INFO] emit {tuple}
2016-10-16T12:10:26.191+0000 [Thread-9-boltA] bla.bla [INFO] emit {tuple}
2016-10-16T12:10:26.536+0000 [Thread-9-boltA] bla.bla [INFO] receive {tuple}
2016-10-16T12:10:26.742+0000 [Thread-12-boltC] bla.bla [INFO] receive {tuple}
2016-10-16T12:10:26.801+0000 [Thread-11-boltB] bla.bla [INFO] receive {tuple}
2016-10-16T12:10:26.869+0000 [Thread-9-boltA] bla.bla [INFO] emit {tuple}
2016-10-16T12:10:27.066+0000 [Thread-11-boltB] bla.bla [INFO] emit {tuple}
2016-10-16T12:10:27.202+0000 [Thread-12-boltC] bla.bla [INFO] emit {tuple}
2016-10-16T12:10:27.361+0000 [Thread-11-boltB] bla.bla [INFO] receive {tuple}
2016-10-16T12:10:27.616+0000 [Thread-12-boltC] bla.bla [INFO] receive {tuple}
2016-10-16T12:10:27.638+0000 [Thread-12-boltC] bla.bla [INFO] emit {tuple}
2016-10-16T12:10:27.755+0000 [Thread-11-boltB] bla.bla [INFO] emit {tuple}
2016-10-16T12:10:27.795+0000 [Thread-12-boltC] bla.bla [INFO] receive {tuple}
2016-10-16T12:10:28.015+0000 [Thread-9-boltA] bla.bla [INFO] receive {tuple}
2016-10-16T12:10:28.351+0000 [Thread-9-boltA] bla.bla [INFO] emit {tuple}
2016-10-16T12:10:28.586+0000 [Thread-12-boltC] bla.bla [INFO] emit {tuple}
2016-10-16T12:10:28.589+0000 [Thread-12-boltC] bla.bla [INFO] receive {tuple}
2016-10-16T12:10:28.819+0000 [Thread-9-boltA] bla.bla [INFO] receive {tuple}
2016-10-16T12:10:28.984+0000 [Thread-9-boltA] bla.bla [INFO] emit {tuple}
2016-10-16T12:10:29.202+0000 [Thread-11-boltB] bla.bla [INFO] receive {tuple}
2016-10-16T12:10:29.329+0000 [Thread-12-boltC] bla.bla [INFO] emit {tuple}
2016-10-16T12:10:29.774+0000 [Thread-9-boltA] bla.bla [INFO] receive {tuple}
2016-10-16T12:10:30.027+0000 [Thread-11-boltB] bla.bla [INFO] emit {tuple}
2016-10-16T12:10:30.408+0000 [Thread-9-boltA] bla.bla [INFO] emit {tuple}
2016-10-16T12:10:30.421+0000 [Thread-12-boltC] bla.bla [INFO] receive {tuple}
2016-10-16T12:10:30.492+0000 [Thread-11-boltB] bla.bla [INFO] receive {tuple}
2016-10-16T12:10:30.713+0000 [Thread-11-boltB] bla.bla [INFO] emit {tuple}
2016-10-16T12:10:31.196+0000 [Thread-9-boltA] bla.bla [INFO] receive {tuple}
2016-10-16T12:10:31.217+0000 [Thread-9-boltA] bla.bla [INFO] emit {tuple}
2016-10-16T12:10:31.590+0000 [Thread-12-boltC] bla.bla [INFO] emit {tuple}
2016-10-16T12:10:32.084+0000 [Thread-9-boltA] bla.bla [INFO] receive {tuple}
2016-10-16T12:10:32.254+0000 [Thread-12-boltC] bla.bla [INFO] receive {tuple}
2016-10-16T12:10:32.311+0000 [Thread-12-boltC] bla.bla [INFO] emit {tuple}
2016-10-16T12:10:32.474+0000 [Thread-12-boltC] bla.bla [INFO] receive {tuple}
2016-10-16T12:10:32.573+0000 [Thread-11-boltB] bla.bla [INFO] receive {tuple}
2016-10-16T12:10:33.028+0000 [Thread-12-boltC] bla.bla [INFO] emit {tuple}
2016-10-16T12:10:33.138+0000 [Thread-11-boltB] bla.bla [INFO] emit {tuple}
2016-10-16T12:10:33.368+0000 [Thread-12-boltC] bla.bla [INFO] receive {tuple}
2016-10-16T12:10:33.563+0000 [Thread-9-boltA] bla.bla [INFO] emit {tuple}
2016-10-16T12:10:33.947+0000 [Thread-9-boltA] bla.bla [INFO] receive {tuple}
2016-10-16T12:10:33.964+0000 [Thread-11-boltB] bla.bla [INFO] receive {tuple}
2016-10-16T12:10:34.127+0000 [Thread-9-boltA] bla.bla [INFO] emit {tuple}
2016-10-16T12:10:34.527+0000 [Thread-12-boltC] bla.bla [INFO] emit {tuple}
2016-10-16T12:10:34.734+0000 [Thread-12-boltC] bla.bla [INFO] receive {tuple}
2016-10-16T12:10:34.761+0000 [Thread-12-boltC] bla.bla [INFO] emit {tuple}
2016-10-16T12:10:34.778+0000 [Thread-11-boltB] bla.bla [INFO] emit {tuple}
2016-10-16T12:10:34.906+0000 [Thread-12-boltC] bla.bla [INFO] receive {tuple}
2016-10-16T12:10:35.058+0000 [Thread-12-boltC] bla.bla [INFO] emit {tuple}
2016-10-16T12:10:35.152+0000 [Thread-9-boltA] bla.bla [INFO] receive {tuple}
2016-10-16T12:10:35.508+0000 [Thread-12-boltC] bla.bla [INFO] receive {tuple}
2016-10-16T12:10:35.672+0000 [Thread-12-boltC] bla.bla [INFO] emit {tuple}
2016-10-16T12:10:35.728+0000 [Thread-9-boltA] bla.bla [INFO] emit {tuple}
2016-10-16T12:10:35.802+0000 [Thread-12-boltC] bla.bla [INFO] receive {tuple}
2016-10-16T12:10:35.980+0000 [Thread-9-boltA] bla.bla [INFO] receive {tuple}
2016-10-16T12:10:36.109+0000 [Thread-9-boltA] bla.bla [INFO] emit {tuple}
2016-10-16T12:10:36.135+0000 [Thread-12-boltC] bla.bla [INFO] emit {tuple}
2016-10-16T12:10:36.413+0000 [Thread-9-boltA] bla.bla [INFO] receive {tuple}
2016-10-16T12:10:36.463+0000 [Thread-11-boltB] bla.bla [INFO] receive {tuple}
2016-10-16T12:10:36.571+0000 [Thread-11-boltB] bla.bla [INFO] emit {tuple}
2016-10-16T12:10:36.924+0000 [Thread-12-boltC] bla.bla [INFO] receive {tuple}
2016-10-16T12:10:37.102+0000 [Thread-11-boltB] bla.bla [INFO] receive {tuple}
2016-10-16T12:10:37.239+0000 [Thread-11-boltB] bla.bla [INFO] emit {tuple}
2016-10-16T12:10:37.285+0000 [Thread-11-boltB] bla.bla [INFO] receive {tuple}
2016-10-16T12:10:37.632+0000 [Thread-11-boltB] bla.bla [INFO] emit {tuple}
2016-10-16T12:10:37.714+0000 [Thread-12-boltC] bla.bla [INFO] emit {tuple}
2016-10-16T12:10:37.864+0000 [Thread-11-boltB] bla.bla [INFO] receive {tuple}
2016-10-16T12:10:37.979+0000 [Thread-9-boltA] bla.bla [INFO] emit {tuple}
2016-10-16T12:10:38.441+0000 [Thread-11-boltB] bla.bla [INFO] emit {tuple}
2016-10-16T12:10:38.682+0000 [Thread-11-boltB] bla.bla [INFO] receive {tuple}
2016-10-16T12:10:39.075+0000 [Thread-11-boltB] bla.bla [INFO] emit {tuple}
2016-10-16T12:10:39.163+0000 [Thread-9-boltA] bla.bla [INFO] receive {tuple}
2016-10-16T12:10:39.344+0000 [Thread-11-boltB] bla.bla [INFO] receive {tuple}
2016-10-16T12:10:39.454+0000 [Thread-11-boltB] bla.bla [INFO] emit {tuple}
2016-10-16T12:10:39.837+0000 [Thread-11-boltB] bla.bla [INFO] receive {tuple}
2016-10-16T12:10:40.350+0000 [Thread-11-boltB] bla.bla [INFO] emit {tuple}
2016-10-16T12:10:40.650+0000 [Thread-11-boltB] bla.bla [INFO] receive {tuple}
2016-10-16T12:10:41.121+0000 [Thread-9-boltA] bla.bla [INFO] emit {tuple}
2016-10-16T12:10:41.131+0000 [Thread-11-boltB] bla.bla [INFO] emit {tuple}
2016-10-16T12:10:41.397+0000 [Thread-12-boltC] bla.bla [INFO] receive {tuple}
2016-10-16T12:10:41.482+0000 [Thread-11-boltB] bla.bla [INFO] receive {tuple}
2016-10-16T12:10:41.590+0000 [Thread-9-boltA] bla.bla [INFO] receive {tuple}
2016-10-16T12:10:41.878+0000 [Thread-11-boltB] bla.bla [INFO] emit {tuple}
2016-10-16T12:10:42.059+0000 [Thread-9-boltA] bla.bla [INFO] emit {tuple}
2016-10-16T12:10:42.286+0000 [Thread-9-boltA] bla.bla [INFO] receive {tuple}
2016-10-16T12:10:42.633+0000 [Thread-12-boltC] bla.bla [INFO] emit {tuple}
2016-10-16T12:10:42.897+0000 [Thread-9-boltA] bla.bla [INFO] emit {tuple}
2016-10-16T12:10:42.922+0000 [Thread-11-boltB] bla.bla [INFO] receive {tuple}
2016-10-16T12:10:43.139+0000 [Thread-11-boltB] bla.bla [INFO] emit {tuple}
2016-10-16T12:10:43.382+0000 [Thread-11-boltB] bla.bla [INFO] receive {tuple}
2016-10-16T12:10:43.617+0000 [Thread-11-boltB] bla.bla [INFO] emit {tuple}
2016-10-16T12:10:43.721+0000 [Thread-9-boltA] bla.bla [INFO] receive {tuple}
2016-10-16T12:10:44.108+0000 [Thread-11-boltB] bla.bla [INFO] receive {tuple}
2016-10-16T12:10:44.298+0000 [Thread-9-boltA] bla.bla [INFO] emit {tuple}
2016-10-16T12:10:44.458+0000 [Thread-12-boltC] bla.bla [INFO] receive {tuple}
2016-10-16T12:10:44.632+0000 [Thread-9-boltA] bla.bla [INFO] receive {tuple}
2016-10-16T12:10:44.997+0000 [Thread-11-boltB] bla.bla [INFO] emit {tuple}
2016-10-16T12:10:45.103+0000 [Thread-12-boltC] bla.bla [INFO] emit {tuple}
2016-10-16T12:10:45.813+0000 [Thread-12-boltC] bla.bla [INFO] receive {tuple}
2016-10-16T12:10:45.916+0000 [Thread-11-boltB] bla.bla [INFO] receive {tuple}
2016-10-16T12:10:46.137+0000 [Thread-12-boltC] bla.bla [INFO] emit {tuple}
2016-10-16T12:10:46.659+0000 [Thread-11-boltB] bla.bla [INFO] emit {tuple}
2016-10-16T12:10:46.743+0000 [Thread-9-boltA] bla.bla [INFO] emit {tuple}
2016-10-16T12:10:47.088+0000 [Thread-9-boltA] bla.bla [INFO] receive {tuple}
2016-10-16T12:10:47.150+0000 [Thread-11-boltB] bla.bla [INFO] receive {tuple}
2016-10-16T12:10:47.435+0000 [Thread-11-boltB] bla.bla [INFO] emit {tuple}
2016-10-16T12:10:47.440+0000 [Thread-12-boltC] bla.bla [INFO] receive {tuple}
2016-10-16T12:10:47.593+0000 [Thread-11-boltB] bla.bla [INFO] receive {tuple}
2016-10-16T12:10:47.613+0000 [Thread-9-boltA] bla.bla [INFO] emit {tuple}
2016-10-16T12:10:47.916+0000 [Thread-12-boltC] bla.bla [INFO] emit {tuple}
2016-10-16T12:10:48.116+0000 [Thread-11-boltB] bla.bla [INFO] emit {tuple}
2016-10-16T12:10:48.241+0000 [Thread-11-boltB] bla.bla [INFO] receive {tuple}
2016-10-16T12:10:48.267+0000 [Thread-9-boltA] bla.bla [INFO] receive {tuple}
2016-10-16T12:10:48.415+0000 [Thread-9-boltA] bla.bla [INFO] emit {tuple}
2016-10-16T12:10:48.750+0000 [Thread-12-boltC] bla.bla [INFO] receive {tuple}
2016-10-16T12:10:48.879+0000 [Thread-9-boltA] bla.bla [INFO] receive {tuple}
2016-10-16T12:10:48.907+0000 [Thread-9-boltA] bla.bla [INFO] emit {tuple}
2016-10-16T12:10:49.111+0000 [Thread-11-boltB] bla.bla [INFO] emit {tuple}
2016-10-16T12:10:49.313+0000 [Thread-11-boltB] bla.bla [INFO] receive {tuple}
2016-10-16T12:10:49.565+0000 [Thread-9-boltA] bla.bla [INFO] receive {tuple}
2016-10-16T12:10:49.652+0000 [Thread-9-boltA] bla.bla [INFO] emit {tuple}
2016-10-16T12:10:49.872+0000 [Thread-11-boltB] bla.bla [INFO] emit {tuple}
2016-10-16T12:10:49.895+0000 [Thread-9-boltA] bla.bla [INFO] receive {tuple}
2016-10-16T12:10:50.003+0000 [Thread-9-boltA] bla.bla [INFO] emit {tuple}
2016-10-16T12:10:50.294+0000 [Thread-9-boltA] bla.bla [INFO] receive {tuple}
2016-10-16T12:10:50.423+0000 [Thread-11-boltB] bla.bla [INFO] receive {tuple}
2016-10-16T12:10:50.538+0000 [Thread-11-boltB] bla.bla [INFO] emit {tuple}
2016-10-16T12:10:50.832+0000 [Thread-12-boltC] bla.bla [INFO] emit {tuple}
2016-10-16T12:10:51.155+0000 [Thread-9-boltA] bla.bla [INFO] emit {tuple}
2016-10-16T12:10:51.800+0000 [Thread-9-boltA] bla.bla [INFO] receive {tuple}
2016-10-16T12:10:52.032+0000 [Thread-12-boltC] bla.bla [INFO] receive {tuple}
2016-10-16T12:10:52.320+0000 [Thread-11-boltB] bla.bla [INFO] receive {tuple}
2016-10-16T12:10:52.343+0000 [Thread-9-boltA] bla.bla [INFO] emit {tuple}
2016-10-16T12:10:52.504+0000 [Thread-12-boltC] bla.bla [INFO] emit {tuple}
2016-10-16T12:10:52.598+0000 [Thread-11-boltB] bla.bla [INFO] emit {tuple}
2016-10-16T12:10:52.731+0000 [Thread-11-boltB] bla.bla [INFO] receive {tuple}
2016-10-16T12:10:52.965+0000 [Thread-9-boltA] bla.bla [INFO] receive {tuple}
2016-10-16T12:10:53.392+0000 [Thread-12-boltC] bla.bla [INFO] receive {tuple}
2016-10-16T12:10:53.436+0000 [Thread-12-boltC] bla.bla [INFO] emit {tuple}
2016-10-16T12:10:53.551+0000 [Thread-9-boltA] bla.bla [INFO] emit {tuple}
2016-10-16T12:10:53.770+0000 [Thread-12-boltC] bla.bla [INFO] receive {tuple}
2016-10-16T12:10:53.863+0000 [Thread-11-boltB] bla.bla [INFO] emit {tuple}
2016-10-16T12:10:53.946+0000 [Thread-11-boltB] bla.bla [INFO] receive {tuple}
2016-10-16T12:10:54.076+0000 [Thread-12-boltC] bla.bla [INFO] emit {tuple}
2016-10-16T12:10:54.165+0000 [Thread-11-boltB] bla.bla [INFO] emit {tuple}
2016-10-16T12:10:54.345+0000 [Thread-11-boltB] bla.bla [INFO] receive {tuple}
2016-10-16T12:10:54.412+0000 [Thread-12-boltC] bla.bla [INFO] receive {tuple}
2016-10-16T12:10:54.446+0000 [Thread-9-boltA] bla.bla [INFO] receive {tuple}
2016-10-16T12:10:54.514+0000 [Thread-12-boltC] bla.bla [INFO] emit {tuple}
2016-10-16T12:10:54.869+0000 [Thread-9-boltA] bla.bla [INFO] emit {tuple}
2016-10-16T12:10:55.012+0000 [Thread-11-boltB] bla.bla [INFO] emit {tuple}
2016-10-16T12:10:55.105+0000 [Thread-11-boltB] bla.bla [INFO] receive {tuple}
2016-10-16T12:10:55.178+0000 [Thread-11-boltB] bla.bla [INFO] emit {tuple}
2016-10-16T12:10:55.321+0000 [Thread-11-boltB] bla.bla [INFO] receive {tuple}
2016-10-16T12:10:55.537+0000 [Thread-12-boltC] bla.bla [INFO] receive {tuple}
2016-10-16T12:10:55.971+0000 [Thread-9-boltA] bla.bla [INFO] receive {tuple}
2016-10-16T12:10:56.158+0000 [Thread-11-boltB] bla.bla [INFO] emit {tuple}
2016-10-16T12:10:56.309+0000 [Thread-12-boltC] bla.bla [INFO] emit {tuple}
2016-10-16T12:10:56.459+0000 [Thread-12-boltC] bla.bla [INFO] receive {tuple}
2016-10-16T12:10:56.969+0000 [Thread-9-boltA] bla.bla [INFO] emit {tuple}
2016-10-16T12:10:57.103+0000 [Thread-11-boltB] bla.bla [INFO] receive {tuple}
2016-10-16T12:10:57.403+0000 [Thread-11-boltB] bla.bla [INFO] emit {tuple}
2016-10-16T12:10:57.601+0000 [Thread-12-boltC] bla.bla [INFO] emit {tuple}
2016-10-16T12:10:57.658+0000 [Thread-9-boltA] bla.bla [INFO] receive {tuple}
2016-10-16T12:10:58.144+0000 [Thread-12-boltC] bla.bla [INFO] receive {tuple}
2016-10-16T12:10:58.400+0000 [Thread-12-boltC] bla.bla [INFO] emit {tuple}
2016-10-16T12:10:58.750+0000 [Thread-11-boltB] bla.bla [INFO] receive {tuple}
2016-10-16T12:10:59.095+0000 [Thread-12-boltC] bla.bla [INFO] receive {tuple}
2016-10-16T12:10:59.291+0000 [Thread-9-boltA] bla.bla [INFO] emit {tuple}
2016-10-16T12:10:59.520+0000 [Thread-12-boltC] bla.bla [INFO] emit {tuple}
2016-10-16T12:10:59.651+0000 [Thread-12-boltC] bla.bla [INFO] receive {tuple}
2016-10-16T12:10:59.818+0000 [Thread-12-boltC] bla.bla [INFO] emit {tuple}
2016-10-16T12:10:00.115+0000 [Thread-12-boltC] bla.bla [INFO] receive {tuple}
2016-10-16T12:10:00.227+0000 [Thread-11-boltB] bla.bla [INFO] emit {tuple}
2016-10-16T12:10:00.466+0000 [Thread-12-boltC] bla.bla [INFO] emit {tuple}
2016-10-16T12:10:00.582+0000 [Thread-11-boltB] bla.bla [INFO] receive {tuple}
2016-10-16T12:10:00.958+0000 [Thread-9-boltA] bla.bla [INFO] receive {tuple}
2016-10-16T12:10:01.054+0000 [Thread-11-boltB] bla.bla [INFO] emit {tuple}
2016-10-16T12:10:01.240+0000 [Thread-9-boltA] bla.bla [INFO] emit {tuple}
2016-10-16T12:10:01.373+0000 [Thread-9-boltA] bla.bla [INFO] receive {tuple}
2016-10-16T12:10:01.619+0000 [Thread-9-boltA] bla.bla [INFO] emit {tuple}
2016-10-16T12:10:02.029+0000 [Thread-9-boltA] bla.bla [INFO] receive {tuple}
2016-10-16T12:10:02.068+0000 [Thread-9-boltA] bla.bla [INFO] emit {tuple}
2016-10-16T12:10:02.228+0000 [Thread-11-boltB] bla.bla [INFO] receive {tuple}
2016-10-16T12:10:02.245+0000 [Thread-11-boltB] bla.bla [INFO] emit {tuple}
2016-10-16T12:10:02.293+0000 [Thread-9-boltA] bla.bla [INFO] receive {tuple}
2016-10-16T12:10:02.423+0000 [Thread-12-boltC] bla.bla [INFO] receive {tuple}
2016-10-16T12:10:02.531+0000 [Thread-12-boltC] bla.bla [INFO] emit {tuple}
2016-10-16T12:10:02.859+0000 [Thread-12-boltC] bla.bla [INFO] receive {tuple}
2016-10-16T12:10:02.944+0000 [Thread-11-boltB] bla.bla [INFO] receive {tuple}
2016-10-16T12:10:03.073+0000 [Thread-11-boltB] bla.bla [INFO] emit {tuple}
2016-10-16T12:10:03.224+0000 [Thread-12-boltC] bla.bla [INFO] emit {tuple}
2016-10-16T12:10:03.548+0000 [Thread-12-boltC] bla.bla [INFO] receive {tuple}
2016-10-16T12:10:04.035+0000 [Thread-11-boltB] bla.bla [INFO] receive {tuple}
2016-10-16T12:10:04.247+0000 [Thread-12-boltC] bla.bla [INFO] emit {tuple}
2016-10-16T12:10:04.487+0000 [Thread-9-boltA] bla.bla [INFO] emit {tuple}
2016-10-16T12:10:04.898+0000 [Thread-9-boltA] bla.bla [INFO] receive {tuple}
2016-10-16T12:10:04.975+0000 [Thread-11-boltB] bla.bla [INFO] emit {tuple}
2016-10-16T12:10:05.072+0000 [Thread-11-boltB] bla.bla [INFO] receive {tuple}
2016-10-16T12:10:05.411+0000 [Thread-12-boltC] bla.bla [INFO] receive {tuple}
2016-10-16T12:10:05.585+0000 [Thread-12-boltC] bla.bla [INFO] emit {tuple}
2016-10-16T12:10:05.855+0000 [Thread-11-boltB] bla.bla [INFO] emit {tuple}
2016-10-16T12:10:06.125+0000 [Thread-12-boltC] bla.bla [INFO] receive {tuple}
2016-10-16T12:10:06.454+0000 [Thread-11-boltB] bla.bla [INFO] receive {tuple}
2016-10-16T12:10:06.772+0000 [Thread-11-boltB] bla.bla [INFO] emit {tuple}
2016-10-16T12:10:06.796+0000 [Thread-11-boltB] bla.bla [INFO] receive {tuple}
2016-10-16T12:10:07.052+0000 [Thread-12-boltC] bla.bla [INFO] emit {tuple}
2016-10-16T12:10:07.654+0000 [Thread-12-boltC] bla.bla [INFO] receive {tuple}
2016-10-16T12:10:07.953+0000 [Thread-9-boltA] bla.bla [INFO] emit {tuple}
2016-10-16T12:10:08.060+0000 [Thread-12-boltC] bla.bla [INFO] emit {tuple}
2016-10-16T12:10:08.498+0000 [Thread-9-boltA] bla.bla [INFO] receive {tuple}
2016-10-16T12:10:08.894+0000 [Thread-9-boltA] bla.bla [INFO] emit {tuple}
2016-10-16T12:10:09.218+0000 [Thread-12-boltC] bla.bla [INFO] receive {tuple}
2016-10-16T12:10:09.265+0000 [Thread-12-boltC] bla.bla [INFO] emit {tuple}
2016-10-16T12:10:09.882+0000 [Thread-11-boltB] bla.bla [INFO] emit {tuple}
2016-10-16T12:10:10.479+0000 [Thread-11-boltB] bla.bla [INFO] receive {tuple}
2016-10-16T12:10:10.720+0000 [Thread-12-boltC] bla.bla [INFO] receive {tuple}
2016-10-16T12:10:10.742+0000 [Thread-12-boltC] bla.bla [INFO] emit {tuple}
2016-10-16T12:10:11.022+0000 [Thread-9-boltA] bla.bla [INFO] receive {tuple}
2016-10-16T12:10:11.254+0000 [Thread-11-boltB] bla.bla [INFO] emit {tuple}
2016-10-16T12:10:11.394+0000 [Thread-9-boltA] bla.bla [INFO] emit {tuple}
2016-10-16T12:10:11.610+0000 [Thread-12-boltC] bla.bla [INFO] receive {tuple}
2016-10-16T12:10:11.763+0000 [Thread-9-boltA] bla.bla [INFO] receive {tuple}
2016-10-16T12:10:11.938+0000 [Thread-11-boltB] bla.bla [INFO] receive {tuple}
2016-10-16T12:10:12.050+0000 [Thread-12-boltC] bla.bla [INFO] emit {tuple}
2016-10-16T12:10:12.100+0000 [Thread-11-boltB] bla.bla [INFO] emit {tuple}
2016-10-16T12:10:12.549+0000 [Thread-9-boltA] bla.bla [INFO] emit {tuple}
2016-10-16T12:10:12.560+0000 [Thread-11-boltB] bla.bla [INFO] receive {tuple}
2016-10-16T12:10:12.869+0000 [Thread-11-boltB] bla.bla [INFO] emit {tuple}
2016-10-16T12:10:13.145+0000 [Thread-9-boltA] bla.bla [INFO] receive {tuple}
2016-10-16T12:10:13.163+0000 [Thread-11-boltB] bla.bla [INFO] receive {tuple}
2016-10-16T12:10:13.296+0000 [Thread-12-boltC] bla.bla [INFO] receive {tuple}
2016-10-16T12:10:13.497+0000 [Thread-9-boltA] bla.bla [INFO] emit {tuple}
2016-10-16T12:10:13.860+0000 [Thread-9-boltA] bla.bla [INFO] receive {tuple}
2016-10-16T12:10:13.962+0000 [Thread-11-boltB] bla.bla [INFO] emit {tuple}
2016-10-16T12:10:13.976+0000 [Thread-9-boltA] bla.bla [INFO] emit {tuple}
2016-10-16T12:10:14.274+0000 [Thread-12-boltC] bla.bla [INFO] emit {tuple}
2016-10-16T12:10:14.458+0000 [Thread-12-boltC] bla.bla [INFO] receive {tuple}
2016-10-16T12:10:14.458+0000 [Thread-9-boltA] bla.bla [INFO] receive {tuple}
2016-10-16T12:10:14.556+0000 [Thread-9-boltA] bla.bla [INFO] emit {tuple}
2016-10-16T12:10:14.696+0000 [Thread-9-boltA] bla.bla [INFO] receive {tuple}
2016-10-16T12:10:14.858+0000 [Thread-12-boltC] bla.bla [INFO] emit {tuple}
2016-10-16T12:10:14.980+0000 [Thread-12-boltC] bla.bla [INFO] receive {tuple}
2016-10-16T12:10:15.286+0000 [Thread-12-boltC] bla.bla [INFO] emit {tuple}
2016-10-16T12:10:15.412+0000 [Thread-12-boltC] bla.bla [INFO] receive {tuple}
2016-10-16T12:10:15.465+0000 [Thread-11-boltB] bla.bla [INFO] receive {tuple}
2016-10-16T12:10:15.502+0000 [Thread-12-boltC] bla.bla [INFO] emit {tuple}
2016-10-16T12:10:15.544+0000 [Thread-9-boltA] bla.bla [INFO] emit {tuple}
2016-10-16T12:10:15.796+0000 [Thread-11-boltB] bla.bla [INFO] emit {tuple}
2016-10-16T12:10:16.134+0000 [Thread-9-boltA] bla.bla [INFO] receive {tuple}
2016-10-16T12:10:16.219+0000 [Thread-9-boltA] bla.bla [INFO] emit {tuple}
2016-10-16T12:10:16.533+0000 [Thread-12-boltC] bla.bla [INFO] receive {tuple}
2016-10-16T12:10:16.605+0000 [Thread-11-boltB] bla.bla [INFO] receive {tuple}
2016-10-16T12:10:16.748+0000 [Thread-9-boltA] bla.bla [INFO] receive {tuple}
2016-10-16T12:10:16.780+0000 [Thread-9-boltA] bla.bla [INFO] emit {tuple}
2016-10-16T12:10:17.467+0000 [Thread-11-boltB] bla.bla [INFO] emit {tuple}
2016-10-16T12:10:18.212+0000 [Thread-12-boltC] bla.bla [INFO] emit {tuple}
2016-10-16T12:10:18.478+0000 [Thread-12-boltC] bla.bla [INFO] receive {tuple}
2016-10-16T12:10:18.611+0000 [Thread-11-boltB] bla.bla [INFO] receive {tuple}
2016-10-16T12:10:18.708+0000 [Thread-11-boltB] bla.bla [INFO] emit {tuple}
2016-10-16T12:10:18.833+0000 [Thread-12-boltC] bla.bla [INFO] emit {tuple}
2016-10-16T12:10:18.893+0000 [Thread-12-boltC] bla.bla [INFO] receive {tuple}
2016-10-16T12:10:19.039+0000 [Thread-12-boltC] bla.bla [INFO] emit {tuple}
2016-10-16T12:10:19.161+0000 [Thread-11-boltB] bla.bla [INFO] receive {tuple}
2016-10-16T12:10:19.341+0000 [Thread-12-boltC] bla.bla [INFO] receive {tuple}
2016-10-16T12:10:19.355+0000 [Thread-11-boltB] bla.bla [INFO] emit {tuple}
2016-10-16T12:10:19.543+0000 [Thread-11-boltB] bla.bla [INFO] receive {tuple}
2016-10-16T12:10:19.730+0000 [Thread-11-boltB] bla.bla [INFO] emit {tuple}
2016-10-16T12:10:19.790+0000 [Thread-9-boltA] bla.bla [INFO] receive {tuple}
2016-10-16T12:10:19.912+0000 [Thread-9-boltA] bla.bla [INFO] emit {tuple}
2016-10-16T12:10:19.963+0000 [Thread-9-boltA] bla.bla [INFO] receive {tuple}
2016-10-16T12:10:20.002+0000 [Thread-11-boltB] bla.bla [INFO] receive {tuple}
2016-10-16T12:10:20.197+0000 [Thread-9-boltA] bla.bla [INFO] emit {tuple}
2016-10-16T12:10:20.436+0000 [Thread-11-boltB] bla.bla [INFO] emit {tuple}
2016-10-16T12:10:20.470+0000 [Thread-9-boltA] bla.bla [INFO] receive {tuple}
2016-10-16T12:10:20.703+0000 [Thread-11-boltB] bla.bla [INFO] receive {tuple}
2016-10-16T12:10:21.023+0000 [Thread-9-boltA] bla.bla [INFO] emit {tuple}
2016-10-16T12:10:21.143+0000 [Thread-11-boltB] bla.bla [INFO] emit {tuple}
2016-10-16T12:10:21.495+0000 [Thread-9-boltA] bla.bla [INFO] receive {tuple}
2016-10-16T12:10:21.888+0000 [Thread-11-boltB] bla.bla [INFO] receive {tuple}
2016-10-16T12:10:22.052+0000 [Thread-9-boltA] bla.bla [INFO] emit {tuple}
2016-10-16T12:10:22.520+0000 [Thread-11-boltB] bla.bla [INFO] emit {tuple}
2016-10-16T12:10:23.016+0000 [Thread-9-boltA] bla.bla [INFO] receive {tuple}
2016-10-16T12:10:23.251+0000 [Thread-12-boltC] bla.bla [INFO] emit {tuple}
2016-10-16T12:10:23.644+0000 [Thread-9-boltA] bla.bla [INFO] emit {tuple}
2016-10-16T12:10:23.928+0000 [Thread-12-boltC] bla.bla [INFO] receive {tuple}
2016-10-16T12:10:24.066+0000 [Thread-11-boltB] bla.bla [INFO] receive {tuple}
2016-10-16T12:10:24.180+0000 [Thread-9-boltA] bla.bla [INFO] receive {tuple}
2016-10-16T12:10:24.245+0000 [Thread-9-boltA] bla.bla [INFO] emit {tuple}
2016-10-16T12:10:24.684+0000 [Thread-9-boltA] bla.bla [INFO] receive {tuple}
2016-10-16T12:10:24.784+0000 [Thread-11-boltB] bla.bla [INFO] emit {tuple}
2016-10-16T12:10:25.010+0000 [Thread-11-boltB] bla.bla [INFO] receive {tuple}
2016-10-16T12:10:25.124+0000 [Thread-9-boltA] bla.bla [INFO] emit {tuple}
2016-10-16T12:10:25.289+0000 [Thread-9-boltA] bla.bla [INFO] receive {tuple}
2016-10-16T12:10:25.323+0000 [Thread-11-boltB] bla.bla [INFO] emit {tuple}
2016-10-16T12:10:25.485+0000 [Thread-11-boltB] bla.bla [INFO] receive {tuple}
2016-10-16T12:10:25.517+0000 [Thread-12-boltC] bla.bla [INFO] emit {tuple}
2016-10-16T12:10:25.520+0000 [Thread-11-boltB] bla.bla [INFO] emit {tuple}
2016-10-16T12:10:25.609+0000 [Thread-9-boltA] bla.bla [INFO] emit {tuple}
2016-10-16T12:10:25.835+0000 [Thread-9-boltA] bla.bla [INFO] receive {tuple}
2016-10-16T12:10:25.936+0000 [Thread-9-boltA] bla.bla [INFO] emit {tuple}
2016-10-16T12:10:26.209+0000 [Thread-11-boltB] bla.bla [INFO] receive {tuple}
2016-10-16T12:10:26.329+0000 [Thread-11-boltB] bla.bla [INFO] emit {tuple}
2016-10-16T12:10:26.649+0000 [Thread-9-boltA] bla.bla [INFO] receive {tuple}
2016-10-16T12:10:26.849+0000 [Thread-12-boltC] bla.bla [INFO] receive {tuple}
2016-10-16T12:10:27.149+0000 [Thread-11-boltB] bla.bla [INFO] receive {tuple}
2016-10-16T12:10:27.182+0000 [Thread-11-boltB] bla.bla [INFO] emit {tuple}
2016-10-16T12:10:27.192+0000 [Thread-12-boltC] bla.bla [INFO] emit {tuple}
2016-10-16T12:10:27.381+0000 [Thread-12-boltC] bla.bla [INFO] receive {tuple}
2016-10-16T12:10:27.439+0000 [Thread-9-boltA] bla.bla [INFO] emit {tuple}
2016-10-16T12:10:27.702+0000 [Thread-12-boltC] bla.bla [INFO] emit {tuple}
2016-10-16T12:10:28.031+0000 [Thread-11-boltB] bla.bla [INFO] receive {tuple}
2016-10-16T12:10:28.570+0000 [Thread-9-boltA] bla.bla [INFO] receive {tuple}
2016-10-16T12:10:29.131+0000 [Thread-9-boltA] bla.bla [INFO] emit {tuple}
2016-10-16T12:10:29.473+0000 [Thread-9-boltA] bla.bla [INFO] receive {tuple}
2016-10-16T12:10:29.824+0000 [Thread-11-boltB] bla.bla [INFO] emit {tuple}
2016-10-16T12:10:29.883+0000 [Thread-12-boltC] bla.bla [INFO] receive {tuple}
2016-10-16T12:10:30.415+0000 [Thread-11-boltB] bla.bla [INFO] receive {tuple}
2016-10-16T12:10:30.461+0000 [Thread-11-boltB] bla.bla [INFO] emit {tuple}
2016-10-16T12:10:30.747+0000 [Thread-11-boltB] bla.bla [INFO] receive {tuple}
2016-10-16T12:10:30.901+0000 [Thread-9-boltA] bla.bla [INFO] emit {tuple}
2016-10-16T12:10:31.102+0000 [Thread-9-boltA] bla.bla [INFO] receive {tuple}
2016-10-16T12:10:31.111+0000 [Thread-11-boltB] bla.bla [INFO] emit {tuple}
2016-10-16T12:10:31.680+0000 [Thread-12-boltC] bla.bla [INFO] emit {tuple}
2016-10-16T12:10:31.896+0000 [Thread-12-boltC] bla.bla [INFO] receive {tuple}
2016-10-16T12:10:32.179+0000 [Thread-9-boltA] bla.bla [INFO] emit {tuple}
2016-10-16T12:10:32.415+0000 [Thread-12-boltC] bla.bla [INFO] emit {tuple}
2016-10-16T12:10:32.609+0000 [Thread-9-boltA] bla.bla [INFO] receive {tuple}
2016-10-16T12:10:32.926+0000 [Thread-12-boltC] bla.bla [INFO] receive {tuple}
2016-10-16T12:10:33.129+0000 [Thread-9-boltA] bla.bla [INFO] emit {tuple}
2016-10-16T12:10:33.214+0000 [Thread-9-boltA] bla.bla [INFO] receive {tuple}
2016-10-16T12:10:33.378+0000 [Thread-12-boltC] bla.bla [INFO] emit {tuple}
2016-10-16T12:10:33.421+0000 [Thread-11-boltB] bla.bla [INFO] receive {tuple}
2016-10-16T12:10:33.555+0000 [Thread-11-boltB] bla.bla [INFO] emit {tuple}
2016-10-16T12:10:33.843+0000 [Thread-11-boltB] bla.bla [INFO] receive {tuple}
2016-10-16T12:10:34.013+0000 [Thread-11-boltB] bla.bla [INFO] emit {tuple}
2016-10-16T12:10:34.263+0000 [Thread-9-boltA] bla.bla [INFO] emit {tuple}
2016-10-16T12:10:34.355+0000 [Thread-12-boltC] bla.bla [INFO] receive {tuple}
2016-10-16T12:10:34.501+0000 [Thread-11-boltB] bla.bla [INFO] receive {tuple}
2016-10-16T12:10:34.758+0000 [Thread-9-boltA] bla.bla [INFO] receive {tuple}
2016-10-16T12:10:34.922+0000 [Thread-9-boltA] bla.bla [INFO] emit {tuple}
2016-10-16T12:10:35.155+0000 [Thread-9-boltA] bla.bla [INFO] receive {tuple}
2016-10-16T12:10:35.266+0000 [Thread-11-boltB] bla.bla [INFO] emit {tuple}
2016-10-16T12:10:35.519+0000 [Thread-12-boltC] bla.bla [INFO] emit {tuple}
2016-10-16T12:10:35.702+0000 [Thread-11-boltB] bla.bla [INFO] receive {tuple}
2016-10-16T12:10:35.858+0000 [Thread-9-boltA] bla.bla [INFO] emit {tuple}
2016-10-16T12:10:35.944+0000 [Thread-12-boltC] bla.bla [INFO] receive {tuple}
2016-10-16T12:10:35.991+0000 [Thread-11-boltB] bla.bla [INFO] emit {tuple}
2016-10-16T12:10:36.316+0000 [Thread-11-boltB] bla.bla [INFO] receive {tuple}
2016-10-16T12:10:36.876+0000 [Thread-9-boltA] bla.bla [INFO] receive {tuple}
2016-10-16T12:10:37.099+0000 [Thread-9-boltA] bla.bla [INFO] emit {tuple}
2016-10-16T12:10:37.455+0000 [Thread-12-boltC] bla.bla [INFO] emit {tuple}
2016-10-16T12:10:37.485+0000 [Thread-9-boltA] bla.bla [INFO] receive {tuple}
2016-10-16T12:10:37.839+0000 [Thread-9-boltA] bla.bla [INFO] emit {tuple}
2016-10-16T12:10:37.919+0000 [Thread-9-boltA] bla.bla [INFO] receive {tuple}
2016-10-16T12:10:38.243+0000 [Thread-11-boltB] bla.bla [INFO] emit {tuple}
2016-10-16T12:10:38.529+0000 [Thread-9-boltA] bla.bla [INFO] emit {tuple}
2016-10-16T12:10:39.034+0000 [Thread-12-boltC] bla.bla [INFO] receive {tuple}
2016-10-16T12:10:39.055+0000 [Thread-9-boltA] bla.bla [INFO] receive {tuple}
2016-10-16T12:10:39.261+0000 [Thread-12-boltC] bla.bla [INFO] emit {tuple}
2016-10-16T12:10:39.404+0000 [Thread-11-boltB] bla.bla [INFO] receive {tuple}
2016-10-16T12:10:39.534+0000 [Thread-11-boltB] bla.bla [INFO] emit {tuple}
2016-10-16T12:10:39.768+0000 [Thread-12-boltC] bla.bla [INFO] receive {tuple}
2016-10-16T12:10:39.981+0000 [Thread-11-boltB] bla.bla [INFO] receive {tuple}
2016-10-16T12:10:39.998+0000 [Thread-9-boltA] bla.bla [INFO] emit {tuple}
2016-10-16T12:10:40.254+0000 [Thread-12-boltC] bla.bla [INFO] emit {tuple}
2016-10-16T12:10:40.985+0000 [Thread-12-boltC] bla.bla [INFO] receive {tuple}
2016-10-16T12:10:41.140+0000 [Thread-12-boltC] bla.bla [INFO] emit {tuple}
2016-10-16T12:10:41.249+0000 [Thread-9-boltA] bla.bla [INFO] receive {tuple}
2016-10-16T12:10:41.395+0000 [Thread-11-boltB] bla.bla [INFO] emit {tuple}
2016-10-16T12:10:41.468+0000 [Thread-12-boltC] bla.bla [INFO] receive {tuple}
2016-10-16T12:10:41.637+0000 [Thread-12-boltC] bla.bla [INFO] emit {tuple}
2016-10-16T12:10:41.764+0000 [Thread-12-boltC] bla.bla [INFO] receive {tuple}
2016-10-16T12:10:42.024+0000 [Thread-9-boltA] bla.bla [INFO] emit {tuple}
2016-10-16T12:10:42.039+0000 [Thread-9-boltA] bla.bla [INFO] receive {tuple}
2016-10-16T12:10:42.243+0000 [Thread-9-boltA] bla.bla [INFO] emit {tuple}
2016-10-16T12:10:42.256+0000 [Thread-11-boltB] bla.bla [INFO] receive {tuple}
2016-10-16T12:10:42.278+0000 [Thread-11-boltB] bla.bla [INFO] emit {tuple}
2016-10-16T12:10:42.506+0000 [Thread-12-boltC] bla.bla [INFO] emit {tuple}
2016-10-16T12:10:42.508+0000 [Thread-9-boltA] bla.bla [INFO] receive {tuple}
2016-10-16T12:10:42.646+0000 [Thread-9-boltA] bla.bla [INFO] emit {tuple}
2016-10-16T12:10:42.949+0000 [Thread-9-boltA] bla.bla [INFO] receive {tuple}
2016-10-16T12:10:42.971+0000 [Thread-12-boltC] bla.bla [INFO] receive {tuple}
2016-10-16T12:10:43.166+0000 [Thread-9-boltA] bla.bla [INFO] emit {tuple}
2016-10-16T12:10:43.329+0000 [Thread-11-boltB] bla.bla [INFO] receive {tuple}
2016-10-16T12:10:43.342+0000 [Thread-12-boltC] bla.bla [INFO] emit {tuple}
2016-10-16T12:10:43.357+0000 [Thread-12-boltC] bla.bla [INFO] receive {tuple}
2016-10-16T12:10:43.553+0000 [Thread-11-boltB] bla.bla [INFO] emit {tuple}
2016-10-16T12:10:43.653+0000 [Thread-9-boltA] bla.bla [INFO] receive {tuple}
2016-10-16T12:10:43.686+0000 [Thread-9-boltA] bla.bla [INFO] emit {tuple}
2016-10-16T12:10:43.822+0000 [Thread-11-boltB] bla.bla [INFO] receive {tuple}
2016-10-16T12:10:44.036+0000 [Thread-12-boltC] bla.bla [INFO] emit {tuple}
2016-10-16T12:10:44.352+0000 [Thread-12-boltC] bla.bla [INFO] receive {tuple}
2016-10-16T12:10:44.914+0000 [Thread-12-boltC] bla.bla [INFO] emit {tuple}
2016-10-16T12:10:45.041+0000 [Thread-12-boltC] bla.bla [INFO] receive {tuple}
2016-10-16T12:10:45.263+0000 [Thread-12-boltC] bla.bla [INFO] emit {tuple}
2016-10-16T12:10:45.460+0000 [Thread-11-boltB] bla.bla [INFO] emit {tuple}
2016-10-16T12:10:45.755+0000 [Thread-11-boltB] bla.bla [INFO] receive {tuple}
2016-10-16T12:10:45.970+0000 [Thread-9-boltA] bla.bla [INFO] receive {tuple}
2016-10-16T12:10:45.976+0000 [Thread-12-boltC] bla.bla [INFO] receive {tuple}
2016-10-16T12:10:46.154+0000 [Thread-12-boltC] bla.bla [INFO] emit {tuple}
2016-10-16T12:10:46.557+0000 [Thread-11-boltB] bla.bla [INFO] emit {tuple}
2016-10-16T12:10:46.877+0000 [Thread-12-boltC] bla.bla [INFO] receive {tuple}
2016-10-16T12:10:46.889+0000 [Thread-11-boltB] bla.bla [INFO] receive {tuple}
2016-10-16T12:10:47.001+0000 [Thread-12-boltC] bla.bla [INFO] emit {tuple}
2016-10-16T12:10:47.272+0000 [Thread-11-boltB] bla.bla [INFO] emit {tuple}
2016-10-16T12:10:47.591+0000 [Thread-9-boltA] bla.bla [INFO] emit {tuple}
2016-10-16T12:10:47.679+0000 [Thread-9-boltA] bla.bla [INFO] receive {tuple}
2016-10-16T12:10:47.999+0000 [Thread-12-boltC] bla.bla [INFO] receive {tuple}
2016-10-16T12:10:48.206+0000 [Thread-12-boltC] bla.bla [INFO] emit {tuple}
2016-10-16T12:10:48.599+0000 [Thread-9-boltA] bla.bla [INFO] emit {tuple}
2016-10-16T12:10:49.318+0000 [Thread-9-boltA] bla.bla [INFO] receive {tuple}
2016-10-16T12:10:49.333+0000 [Thread-9-boltA] bla.bla [INFO] emit {tuple}
2016-10-16T12:10:49.733+0000 [Thread-12-boltC] bla.bla [INFO] receive {tuple}
2016-10-16T12:10:49.742+0000 [Thread-12-boltC] bla.bla [INFO] emit {tuple}
2016-10-16T12:10:50.055+0000 [Thread-11-boltB] bla.bla [INFO] receive {tuple}
2016-10-16T12:10:50.247+0000 [Thread-9-boltA] bla.bla [INFO] receive {tuple}
2016-10-16T12:10:50.298+0000 [Thread-11-boltB] bla.bla [INFO] emit {tuple}
2016-10-16T12:10:50.355+0000 [Thread-12-boltC] bla.bla [INFO] receive {tuple}
2016-10-16T12:10:50.586+0000 [Thread-12-boltC] bla.bla [INFO] emit {tuple}
2016-10-16T12:10:50.918+0000 [Thread-11-boltB] bla.bla [INFO] receive {tuple}
2016-10-16T12:10:51.212+0000 [Thread-11-boltB] bla.bla [INFO] emit {tuple}
2016-10-16T12:10:51.234+0000 [Thread-9-boltA] bla.bla [INFO] emit {tuple}
2016-10-16T12:10:51.344+0000 [Thread-12-boltC] bla.bla [INFO] receive {tuple}
2016-10-16T12:10:51.496+0000 [Thread-9-boltA] bla.bla [INFO] receive {tuple}
2016-10-16T12:10:51.620+0000 [Thread-11-boltB] bla.bla [INFO] receive {tuple}
2016-10-16T12:10:51.672+0000 [Thread-11-boltB] bla.bla [INFO] emit {tuple}
2016-10-16T12:10:51.683+0000 [Thread-9-boltA] bla.bla [INFO] emit {tuple}
2016-10-16T12:10:51.823+0000 [Thread-9-boltA] bla.bla [INFO] receive {tuple}
2016-10-16T12:10:51.911+0000 [Thread-12-boltC] bla.bla [INFO] emit {tuple}
2016-10-16T12:10:52.078+0000 [Thread-9-boltA] bla.bla [INFO] emit {tuple}
2016-10-16T12:10:52.418+0000 [Thread-12-boltC] bla.bla [INFO] receive {tuple}
2016-10-16T12:10:52.531+0000 [Thread-9-boltA] bla.bla [INFO] receive {tuple}
2016-10-16T12:10:52.598+0000 [Thread-9-boltA] bla.bla [INFO] emit {tuple}
2016-10-16T12:10:52.627+0000 [Thread-9-boltA] bla.bla [INFO] receive {tuple}
2016-10-16T12:10:52.910+0000 [Thread-9-boltA] bla.bla [INFO] emit {tuple}
2016-10-16T12:10:53.170+0000 [Thread-12-boltC] bla.bla [INFO] emit {tuple}
2016-10-16T12:10:53.238+0000 [Thread-11-boltB] bla.bla [INFO] receive {tuple}
2016-10-16T12:10:53.268+0000 [Thread-12-boltC] bla.bla [INFO] receive {tuple}
2016-10-16T12:10:53.305+0000 [Thread-12-boltC] bla.bla [INFO] emit {tuple}
2016-10-16T12:10:53.308+0000 [Thread-12-boltC] bla.bla [INFO] receive {tuple}
2016-10-16T12:10:53.449+0000 [Thread-9-boltA] bla.bla [INFO] receive {tuple}
2016-10-16T12:10:53.655+0000 [Thread-12-boltC] bla.bla [INFO] emit {tuple}
2016-10-16T12:10:53.858+0000 [Thread-12-boltC] bla.bla [INFO] receive {tuple}
2016-10-16T12:10:53.987+0000 [Thread-12-boltC] bla.bla [INFO] emit {tuple}
2016-10-16T12:10:54.554+0000 [Thread-12-boltC] bla.bla [INFO] receive {tuple}
2016-10-16T12:10:55.104+0000 [Thread-11-boltB] bla.bla [INFO] emit {tuple}
2016-10-16T12:10:55.152+0000 [Thread-11-boltB] bla.bla [INFO] receive {tuple}
2016-10-16T12:10:55.204+0000 [Thread-9-boltA] bla.bla [INFO] emit {tuple}
2016-10-16T12:10:55.360+0000 [Thread-11-boltB] bla.bla [INFO] emit {tuple}
2016-10-16T12:10:55.584+0000 [Thread-11-boltB] bla.bla [INFO] receive {tuple}
2016-10-16T12:10:55.779+0000 [Thread-9-boltA] bla.bla [INFO] receive {tuple}
2016-10-16T12:10:56.010+0000 [Thread-9-boltA] bla.bla [INFO] emit {tuple}
2016-10-16T12:10:56.262+0000 [Thread-9-boltA] bla.bla [INFO] receive {tuple}
2016-10-16T12:10:56.306+0000 [Thread-9-boltA] bla.bla [INFO] emit {tuple}
2016-10-16T12:10:56.432+0000 [Thread-12-boltC] bla.bla [INFO] emit {tuple}
2016-10-16T12:10:56.628+0000 [Thread-9-boltA] bla.bla [INFO] receive {tuple}
2016-10-16T12:10:57.014+0000 [Thread-12-boltC] bla.bla [INFO] receive {tuple}
2016-10-16T12:10:57.093+0000 [Thread-9-boltA] bla.bla [INFO] emit {tuple}
2016-10-16T12:10:57.507+0000 [Thread-9-boltA] bla.bla [INFO] receive {tuple}
2016-10-16T12:10:57.667+0000 [Thread-9-boltA] bla.bla [INFO] emit {tuple}
2016-10-16T12:10:57.791+0000 [Thread-11-boltB] bla.bla [INFO] emit {tuple}
2016-10-16T12:10:57.845+0000 [Thread-11-boltB] bla.bla [INFO] receive {tuple}
2016-10-16T12:10:57.994+0000 [Thread-11-boltB] bla.bla [INFO] emit {tuple}
2016-10-16T12:10:58.055+0000 [Thread-11-boltB] bla.bla [INFO] receive {tuple}
2016-10-16T12:10:58.221+0000 [Thread-12-boltC] bla.bla [INFO] emit {tuple}
2016-10-16T12:10:58.336+0000 [Thread-12-boltC] bla.bla [INFO] receive {tuple}
2016-10-16T12:10:58.567+0000 [Thread-11-boltB] bla.bla [INFO] emit {tuple}
2016-10-16T12:10:58.786+0000 [Thread-12-boltC] bla.bla [INFO] emit {tuple}
2016-10-16T12:10:58.900+0000 [Thread-9-boltA] bla.bla [INFO] receive {tuple}
2016-10-16T12:10:58.986+0000 [Thread-9-boltA] bla.bla [INFO] emit {tuple}
2016-10-16T12:10:59.110+0000 [Thread-9-boltA] bla.bla [INFO] receive {tuple}
2016-10-16T12:10:59.127+0000 [Thread-11-boltB] bla.bla [INFO] receive {tuple}
2016-10-16T12:10:59.305+0000 [Thread-12-boltC] bla.bla [INFO] receive {tuple}
2016-10-16T12:10:59.470+0000 [Thread-12-boltC] bla.bla [INFO] emit {tuple}
2016-10-16T12:10:59.661+0000 [Thread-12-boltC] bla.bla [INFO] receive {tuple}
2016-10-16T12:10:59.778+0000 [Thread-12-boltC] bla.bla [INFO] emit {tuple}
2016-10-16T12:10:59.845+0000 [Thread-11-boltB] bla.bla [INFO] emit {tuple}
2016-10-16T12:10:59.997+0000 [Thread-9-boltA] bla.bla [INFO] emit {tuple}
2016-10-16T12:10:00.287+0000 [Thread-11-boltB] bla.bla [INFO] receive {tuple}
2016-10-16T12:10:00.301+0000 [Thread-12-boltC] bla.bla [INFO] receive {tuple}
2016-10-16T12:10:00.711+0000 [Thread-9-boltA] bla.bla [INFO] receive {tuple}
2016-10-16T12:10:00.727+0000 [Thread-12-boltC] bla.bla [INFO] emit {tuple}
2016-10-16T12:10:00.733+0000 [Thread-9-boltA] bla.bla [INFO] emit {tuple}
2016-10-16T12:10:00.856+0000 [Thread-12-boltC] bla.bla [INFO] receive {tuple}
2016-10-16T12:10:01.201+0000 [Thread-9-boltA] bla.bla [INFO] receive {tuple}
2016-10-16T12:10:01.345+0000 [Thread-12-boltC] bla.bla [INFO] emit {tuple}
2016-10-16T12:10:01.451+0000 [Thread-9-boltA] bla.bla [INFO] emit {tuple}
2016-10-16T12:10:01.764+0000 [Thread-11-boltB] bla.bla [INFO] emit {tuple}
2016-10-16T12:10:01.781+0000 [Thread-12-boltC] bla.bla [INFO] receive {tuple}
2016-10-16T12:10:01.948+0000 [Thread-12-boltC] bla.bla [INFO] emit {tuple}
2016-10-16T12:10:02.433+0000 [Thread-11-boltB] bla.bla [INFO] receive {tuple}
2016-10-16T12:10:02.664+0000 [Thread-11-boltB] bla.bla [INFO] emit {tuple}
2016-10-16T12:10:02.962+0000 [Thread-12-boltC] bla.bla [INFO] receive {tuple}
2016-10-16T12:10:03.207+0000 [Thread-12-boltC] bla.bla [INFO] emit {tuple}
2016-10-16T12:10:03.429+0000 [Thread-11-boltB] bla.bla [INFO] receive {tuple}
2016-10-16T12:10:03.712+0000 [Thread-12-boltC] bla.bla [INFO] receive {tuple}
2016-10-16T12:10:04.003+0000 [Thread-12-boltC] bla.bla [INFO] emit {tuple}
2016-10-16T12:10:04.124+0000 [Thread-11-boltB] bla.bla [INFO] emit {tuple}
2016-10-16T12:10:04.327+0000 [Thread-9-boltA] bla.bla [INFO] receive {tuple}
2016-10-16T12:10:04.905+0000 [Thread-11-boltB] bla.bla [INFO] receive {tuple}
2016-10-16T12:10:05.006+0000 [Thread-11-boltB] bla.bla [INFO] emit {tuple}
2016-10-16T12:10:05.077+0000 [Thread-12-boltC] bla.bla [INFO] receive {tuple}
2016-10-16T12:10:05.345+0000 [Thread-9-boltA] bla.bla [INFO] emit {tuple}
2016-10-16T12:10:05.460+0000 [Thread-11-boltB] bla.bla [INFO] receive {tuple}
2016-10-16T12:10:05.698+0000 [Thread-12-boltC] bla.bla [INFO] emit {tuple}
2016-10-16T12:10:05.942+0000 [Thread-9-boltA] bla.bla [INFO] receive {tuple}
2016-10-16T12:10:06.211+0000 [Thread-12-boltC] bla.bla [INFO] receive {tuple}
2016-10-16T12:10:06.488+0000 [Thread-11-boltB] bla.bla [INFO] emit {tuple}
2016-10-16T12:10:06.668+0000 [Thread-12-boltC] bla.bla [INFO] emit {tuple}
2016-10-16T12:10:06.712+0000 [Thread-11-boltB] bla.bla [INFO] receive {tuple}
2016-10-16T12:10:06.777+0000 [Thread-9-boltA] bla.bla [INFO] emit {tuple}
2016-10-16T12:10:07.055+0000 [Thread-11-boltB] bla.bla [INFO] emit {tuple}
2016-10-16T12:10:07.506+0000 [Thread-11-boltB] bla.bla [INFO] receive {tuple}
2016-10-16T12:10:07.764+0000 [Thread-11-boltB] bla.bla [INFO] emit {tuple}
2016-10-16T12:10:07.884+0000 [Thread-11-boltB] bla.bla [INFO] receive {tuple}
2016-10-16T12:10:08.069+0000 [Thread-12-boltC] bla.bla [INFO] receive {tuple}
2016-10-16T12:10:08.144+0000 [Thread-12-boltC] bla.bla [INFO] emit {tuple}
2016-10-16T12:10:08.196+0000 [Thread-12-boltC] bla.bla [INFO] receive {tuple}
2016-10-16T12:10:08.411+0000 [Thread-12-boltC] bla.bla [INFO] emit {tuple}
2016-10-16T12:10:08.446+0000 [Thread-11-boltB] bla.bla [INFO] emit {tuple}
2016-10-16T12:10:08.504+0000 [Thread-9-boltA] bla.bla [INFO] receive {tuple}
2016-10-16T12:10:08.590+0000 [Thread-12-boltC] bla.bla [INFO] receive {tuple}
2016-10-16T12:10:09.006+0000 [Thread-12-boltC] bla.bla [INFO] emit {tuple}
2016-10-16T12:10:09.561+0000 [Thread-11-boltB] bla.bla [INFO] receive {tuple}
2016-10-16T12:10:09.866+0000 [Thread-12-boltC] bla.bla [INFO] receive {tuple}
2016-10-16T12:10:10.162+0000 [Thread-12-boltC] bla.bla [INFO] emit {tuple}
2016-10-16T12:10:10.574+0000 [Thread-11-boltB] bla.bla [INFO] emit {tuple}
2016-10-16T12:10:10.618+0000 [Thread-9-boltA] bla.bla [INFO] emit {tuple}
2016-10-16T12:10:10.944+0000 [Thread-9-boltA] bla.bla [INFO] receive {tuple}
2016-10-16T12:10:11.193+0000 [Thread-11-boltB] bla.bla [INFO] receive {tuple}
2016-10-16T12:10:11.234+0000 [Thread-12-boltC] bla.bla [INFO] receive {tuple}
2016-10-16T12:10:11.598+0000 [Thread-9-boltA] bla.bla [INFO] emit {tuple}
2016-10-16T12:10:11.926+0000 [Thread-9-boltA] bla.bla [INFO] receive {tuple}
2016-10-16T12:10:12.060+0000 [Thread-11-boltB] bla.bla [INFO] emit {tuple}
2016-10-16T12:10:12.187+0000 [Thread-12-boltC] bla.bla [INFO] emit {tuple}
2016-10-16T12:10:12.606+0000 [Thread-12-boltC] bla.bla [INFO] receive {tuple}
2016-10-16T12:10:12.650+0000 [Thread-9-boltA] bla.bla [INFO] emit {tuple}
2016-10-16T12:10:12.914+0000 [Thread-9-boltA] bla.bla [INFO] receive {tuple}
2016-10-16T12:10:13.093+0000 [Thread-12-boltC] bla.bla [INFO] emit {tuple}
2016-10-16T12:10:13.182+0000 [Thread-11-boltB] bla.bla [INFO] receive {tuple}
2016-10-16T12:10:13.237+0000 [Thread-11-boltB] bla.bla [INFO] emit {tuple}
2016-10-16T12:10:13.324+0000 [Thread-11-boltB] bla.bla [INFO] receive {tuple}
2016-10-16T12:10:13.849+0000 [Thread-11-boltB] bla.bla [INFO] emit {tuple}
2016-10-16T12:10:14.463+0000 [Thread-11-boltB] bla.bla [INFO] receive {tuple}
2016-10-16T12:10:14.473+0000 [Thread-12-boltC] bla.bla [INFO] receive {tuple}
2016-10-16T12:10:14.473+0000 [Thread-11-boltB] bla.bla [INFO] emit {tuple}
2016-10-16T12:10:14.760+0000 [Thread-11-boltB] bla.bla [INFO] receive {tuple}
2016-10-16T12:10:14.941+0000 [Thread-9-boltA] bla.bla [INFO] emit {tuple}
2016-10-16T12:10:15.062+0000 [Thread-9-boltA] bla.bla [INFO] receive {tuple}
2016-10-16T12:10:15.238+0000 [Thread-12-boltC] bla.bla [INFO] emit {tuple}
2016-10-16T12:10:15.293+0000 [Thread-11-boltB] bla.bla [INFO] emit {tuple}
2016-10-16T12:10:15.329+0000 [Thread-9-boltA] bla.bla [INFO] emit {tuple}
